#
# There is insufficient memory for the Java Runtime Environment to continue.
# Native memory allocation (malloc) failed to allocate 358088704 bytes for committing reserved memory.
# Possible reasons:
#   The system is out of physical RAM or swap space
#   In 32 bit mode, the process size limit was hit
# Possible solutions:
#   Reduce memory load on the system
#   Increase physical memory or swap space
#   Check if swap backing store is full
#   Use 64 bit Java on a 64 bit OS
#   Decrease Java heap size (-Xmx/-Xms)
#   Decrease number of Java threads
#   Decrease Java thread stack sizes (-Xss)
#   Set larger code cache with -XX:ReservedCodeCacheSize=
# This output file may be truncated or incomplete.
#
#  Out of Memory Error (os_linux.cpp:2769), pid=6437, tid=140531190503168
#
# JRE version:  (7.0_51-b31) (build )
# Java VM: OpenJDK 64-Bit Server VM (24.51-b03 mixed mode linux-amd64 compressed oops)
# Failed to write core dump. Core dumps have been disabled. To enable core dumping, try "ulimit -c unlimited" before starting Java again
#

---------------  T H R E A D  ---------------

Current thread (0x00007fcff0008800):  JavaThread "Unknown thread" [_thread_in_vm, id=6438, stack(0x00007fcff7a09000,0x00007fcff7b0a000)]

Stack: [0x00007fcff7a09000,0x00007fcff7b0a000],  sp=0x00007fcff7b084c0,  free space=1021k
Native frames: (J=compiled Java code, j=interpreted, Vv=VM code, C=native code)
V  [libjvm.so+0x917f29]  JVM_handle_linux_signal+0x177939
V  [libjvm.so+0x467d44]  dlerror+0x467d44
V  [libjvm.so+0x79a9db]  JVM_FindSignal+0x18cf6b
V  [libjvm.so+0x79534f]  JVM_FindSignal+0x1878df
V  [libjvm.so+0x8056ab]  JVM_handle_linux_signal+0x650bb
V  [libjvm.so+0x80641b]  JVM_handle_linux_signal+0x65e2b
V  [libjvm.so+0x806af3]  JVM_handle_linux_signal+0x66503
V  [libjvm.so+0x284af5]  dlerror+0x284af5
V  [libjvm.so+0x7b8bfa]  JVM_handle_linux_signal+0x1860a
V  [libjvm.so+0x8ea057]  JVM_handle_linux_signal+0x149a67
V  [libjvm.so+0x8ea387]  JVM_handle_linux_signal+0x149d97
V  [libjvm.so+0x575b45]  AsyncGetCallTrace+0x90455
V  [libjvm.so+0x8cd1df]  JVM_handle_linux_signal+0x12cbef
V  [libjvm.so+0x5df324]  JNI_CreateJavaVM+0x54
C  [libjli.so+0x2998]  getenv+0x2998


---------------  P R O C E S S  ---------------

Java Threads: ( => current thread )

Other Threads:

=>0x00007fcff0008800 (exited) JavaThread "Unknown thread" [_thread_in_vm, id=6438, stack(0x00007fcff7a09000,0x00007fcff7b0a000)]

VM state:not at safepoint (not fully initialized)

VM Mutex/Monitor currently owned by a thread: None

GC Heap History (0 events):
No events

Deoptimization events (0 events):
No events

Internal exceptions (0 events):
No events

Events (0 events):
No events


Dynamic libraries:
00400000-00401000 r-xp 00000000 08:03 3419033                            /usr/lib/jvm/java-7-openjdk/jre/bin/java
00600000-00601000 rw-p 00000000 08:03 3419033                            /usr/lib/jvm/java-7-openjdk/jre/bin/java
013e5000-01406000 rw-p 00000000 00:00 0                                  [heap]
aff80000-eaa80000 rw-p 00000000 00:00 0 
7fcfe8000000-7fcfe8270000 rwxp 00000000 00:00 0 
7fcfe8270000-7fcff0021000 rw-p 00000000 00:00 0 
7fcff0021000-7fcff4000000 ---p 00000000 00:00 0 
7fcff487c000-7fcff4afc000 rw-p 00000000 00:00 0 
7fcff4afc000-7fcff4b07000 rw-p 00000000 00:00 0 
7fcff4b07000-7fcff4cfd000 rw-p 00000000 00:00 0 
7fcff4cfd000-7fcff4d05000 r-xp 00000000 08:03 3419001                    /usr/lib/jvm/java-7-openjdk/jre/lib/amd64/libzip.so
7fcff4d05000-7fcff4f04000 ---p 00008000 08:03 3419001                    /usr/lib/jvm/java-7-openjdk/jre/lib/amd64/libzip.so
7fcff4f04000-7fcff4f05000 rw-p 00007000 08:03 3419001                    /usr/lib/jvm/java-7-openjdk/jre/lib/amd64/libzip.so
7fcff4f05000-7fcff4f10000 r-xp 00000000 08:03 2627059                    /usr/lib/libnss_files-2.19.so
7fcff4f10000-7fcff510f000 ---p 0000b000 08:03 2627059                    /usr/lib/libnss_files-2.19.so
7fcff510f000-7fcff5110000 r--p 0000a000 08:03 2627059                    /usr/lib/libnss_files-2.19.so
7fcff5110000-7fcff5111000 rw-p 0000b000 08:03 2627059                    /usr/lib/libnss_files-2.19.so
7fcff5111000-7fcff513c000 r-xp 00000000 08:03 3419000                    /usr/lib/jvm/java-7-openjdk/jre/lib/amd64/libjava.so
7fcff513c000-7fcff533b000 ---p 0002b000 08:03 3419000                    /usr/lib/jvm/java-7-openjdk/jre/lib/amd64/libjava.so
7fcff533b000-7fcff533d000 rw-p 0002a000 08:03 3419000                    /usr/lib/jvm/java-7-openjdk/jre/lib/amd64/libjava.so
7fcff533d000-7fcff534a000 r-xp 00000000 08:03 3418999                    /usr/lib/jvm/java-7-openjdk/jre/lib/amd64/libverify.so
7fcff534a000-7fcff5549000 ---p 0000d000 08:03 3418999                    /usr/lib/jvm/java-7-openjdk/jre/lib/amd64/libverify.so
7fcff5549000-7fcff554b000 rw-p 0000c000 08:03 3418999                    /usr/lib/jvm/java-7-openjdk/jre/lib/amd64/libverify.so
7fcff554b000-7fcff5552000 r-xp 00000000 08:03 2627087                    /usr/lib/librt-2.19.so
7fcff5552000-7fcff5751000 ---p 00007000 08:03 2627087                    /usr/lib/librt-2.19.so
7fcff5751000-7fcff5752000 r--p 00006000 08:03 2627087                    /usr/lib/librt-2.19.so
7fcff5752000-7fcff5753000 rw-p 00007000 08:03 2627087                    /usr/lib/librt-2.19.so
7fcff5753000-7fcff5768000 r-xp 00000000 08:03 2626960                    /usr/lib/libgcc_s.so.1
7fcff5768000-7fcff5968000 ---p 00015000 08:03 2626960                    /usr/lib/libgcc_s.so.1
7fcff5968000-7fcff5969000 rw-p 00015000 08:03 2626960                    /usr/lib/libgcc_s.so.1
7fcff5969000-7fcff5a69000 r-xp 00000000 08:03 2626436                    /usr/lib/libm-2.19.so
7fcff5a69000-7fcff5c68000 ---p 00100000 08:03 2626436                    /usr/lib/libm-2.19.so
7fcff5c68000-7fcff5c69000 r--p 000ff000 08:03 2626436                    /usr/lib/libm-2.19.so
7fcff5c69000-7fcff5c6a000 rw-p 00100000 08:03 2626436                    /usr/lib/libm-2.19.so
7fcff5c6a000-7fcff5d50000 r-xp 00000000 08:03 2634179                    /usr/lib/libstdc++.so.6.0.19
7fcff5d50000-7fcff5f4f000 ---p 000e6000 08:03 2634179                    /usr/lib/libstdc++.so.6.0.19
7fcff5f4f000-7fcff5f57000 r--p 000e5000 08:03 2634179                    /usr/lib/libstdc++.so.6.0.19
7fcff5f57000-7fcff5f59000 rw-p 000ed000 08:03 2634179                    /usr/lib/libstdc++.so.6.0.19
7fcff5f59000-7fcff5f6e000 rw-p 00000000 00:00 0 
7fcff5f6e000-7fcff6a4f000 r-xp 00000000 08:03 3419032                    /usr/lib/jvm/java-7-openjdk/jre/lib/amd64/server/libjvm.so
7fcff6a4f000-7fcff6c4e000 ---p 00ae1000 08:03 3419032                    /usr/lib/jvm/java-7-openjdk/jre/lib/amd64/server/libjvm.so
7fcff6c4e000-7fcff6d02000 rw-p 00ae0000 08:03 3419032                    /usr/lib/jvm/java-7-openjdk/jre/lib/amd64/server/libjvm.so
7fcff6d02000-7fcff6d30000 rw-p 00000000 00:00 0 
7fcff6d30000-7fcff6d45000 r-xp 00000000 08:03 2625745                    /usr/lib/libz.so.1.2.8
7fcff6d45000-7fcff6f44000 ---p 00015000 08:03 2625745                    /usr/lib/libz.so.1.2.8
7fcff6f44000-7fcff6f45000 r--p 00014000 08:03 2625745                    /usr/lib/libz.so.1.2.8
7fcff6f45000-7fcff6f46000 rw-p 00015000 08:03 2625745                    /usr/lib/libz.so.1.2.8
7fcff6f46000-7fcff70e4000 r-xp 00000000 08:03 2627163                    /usr/lib/libc-2.19.so
7fcff70e4000-7fcff72e4000 ---p 0019e000 08:03 2627163                    /usr/lib/libc-2.19.so
7fcff72e4000-7fcff72e8000 r--p 0019e000 08:03 2627163                    /usr/lib/libc-2.19.so
7fcff72e8000-7fcff72ea000 rw-p 001a2000 08:03 2627163                    /usr/lib/libc-2.19.so
7fcff72ea000-7fcff72ee000 rw-p 00000000 00:00 0 
7fcff72ee000-7fcff72f1000 r-xp 00000000 08:03 2626455                    /usr/lib/libdl-2.19.so
7fcff72f1000-7fcff74f0000 ---p 00003000 08:03 2626455                    /usr/lib/libdl-2.19.so
7fcff74f0000-7fcff74f1000 r--p 00002000 08:03 2626455                    /usr/lib/libdl-2.19.so
7fcff74f1000-7fcff74f2000 rw-p 00003000 08:03 2626455                    /usr/lib/libdl-2.19.so
7fcff74f2000-7fcff74ff000 r-xp 00000000 08:03 3419028                    /usr/lib/jvm/java-7-openjdk/jre/lib/amd64/jli/libjli.so
7fcff74ff000-7fcff76fe000 ---p 0000d000 08:03 3419028                    /usr/lib/jvm/java-7-openjdk/jre/lib/amd64/jli/libjli.so
7fcff76fe000-7fcff76ff000 rw-p 0000c000 08:03 3419028                    /usr/lib/jvm/java-7-openjdk/jre/lib/amd64/jli/libjli.so
7fcff76ff000-7fcff7717000 r-xp 00000000 08:03 2628509                    /usr/lib/libpthread-2.19.so
7fcff7717000-7fcff7916000 ---p 00018000 08:03 2628509                    /usr/lib/libpthread-2.19.so
7fcff7916000-7fcff7917000 r--p 00017000 08:03 2628509                    /usr/lib/libpthread-2.19.so
7fcff7917000-7fcff7918000 rw-p 00018000 08:03 2628509                    /usr/lib/libpthread-2.19.so
7fcff7918000-7fcff791c000 rw-p 00000000 00:00 0 
7fcff791c000-7fcff793c000 r-xp 00000000 08:03 2626898                    /usr/lib/ld-2.19.so
7fcff7a09000-7fcff7a0c000 ---p 00000000 00:00 0 
7fcff7a0c000-7fcff7b0e000 rw-p 00000000 00:00 0                          [stack:6438]
7fcff7b2f000-7fcff7b31000 rw-p 00000000 00:00 0 
7fcff7b31000-7fcff7b39000 rw-s 00000000 00:1d 146955                     /tmp/hsperfdata_gabriel/6437
7fcff7b39000-7fcff7b3a000 rw-p 00000000 00:00 0 
7fcff7b3a000-7fcff7b3b000 r--p 00000000 00:00 0 
7fcff7b3b000-7fcff7b3c000 rw-p 00000000 00:00 0 
7fcff7b3c000-7fcff7b3d000 r--p 00020000 08:03 2626898                    /usr/lib/ld-2.19.so
7fcff7b3d000-7fcff7b3e000 rw-p 00021000 08:03 2626898                    /usr/lib/ld-2.19.so
7fcff7b3e000-7fcff7b3f000 rw-p 00000000 00:00 0 
7fff6c880000-7fff6c8a1000 rw-p 00000000 00:00 0                          [stack]
7fff6c9fe000-7fff6ca00000 r-xp 00000000 00:00 0                          [vdso]
ffffffffff600000-ffffffffff601000 r-xp 00000000 00:00 0                  [vsyscall]

VM Arguments:
jvm_args: -Xms1024m -Xmx1024m -XX:MaxPermSize=256m -XX:ReservedCodeCacheSize=128m 
java_command: /usr/share/java/sbt/bin/sbt-launch.jar gen-idea
Launcher Type: SUN_STANDARD

Environment Variables:
JAVA_HOME=/usr/lib/jvm/java-7-openjdk
PATH=/usr/local/sbin:/usr/local/bin:/usr/bin:/usr/bin/vendor_perl:/usr/bin/core_perl
USERNAME=gabriel
SHELL=/bin/bash
DISPLAY=:0.0

Signal Handlers:
SIGSEGV: [libjvm.so+0x918a20], sa_mask[0]=0x7ffbfeff, sa_flags=0x10000004
SIGBUS: [libjvm.so+0x918a20], sa_mask[0]=0x7ffbfeff, sa_flags=0x10000004
SIGFPE: [libjvm.so+0x796090], sa_mask[0]=0x7ffbfeff, sa_flags=0x10000004
SIGPIPE: [libjvm.so+0x796090], sa_mask[0]=0x7ffbfeff, sa_flags=0x10000004
SIGXFSZ: [libjvm.so+0x796090], sa_mask[0]=0x7ffbfeff, sa_flags=0x10000004
SIGILL: [libjvm.so+0x796090], sa_mask[0]=0x7ffbfeff, sa_flags=0x10000004
SIGUSR1: SIG_DFL, sa_mask[0]=0x00000000, sa_flags=0x00000000
SIGUSR2: [libjvm.so+0x795f30], sa_mask[0]=0x00000000, sa_flags=0x10000004
SIGHUP: SIG_DFL, sa_mask[0]=0x00000000, sa_flags=0x00000000
SIGINT: SIG_DFL, sa_mask[0]=0x00000000, sa_flags=0x00000000
SIGTERM: SIG_DFL, sa_mask[0]=0x00000000, sa_flags=0x00000000
SIGQUIT: SIG_DFL, sa_mask[0]=0x00000000, sa_flags=0x00000000


---------------  S Y S T E M  ---------------

OS:ManjaroLinux 0.8.9 (Ascella)
uname:Linux 3.10.32-2-MANJARO #1 SMP Sun Mar 2 22:14:17 EST 2014 x86_64
libc:glibc 2.19 NPTL 2.19 
rlimit: STACK 8192k, CORE 0k, NPROC 30872, NOFILE 4096, AS infinity
load average:0.61 0.42 0.45

/proc/meminfo:
MemTotal:        3957644 kB
MemFree:          130504 kB
Buffers:            7944 kB
Cached:           361324 kB
SwapCached:        61444 kB
Active:          2630580 kB
Inactive:         982804 kB
Active(anon):    2571580 kB
Inactive(anon):   936676 kB
Active(file):      59000 kB
Inactive(file):    46128 kB
Unevictable:           0 kB
Mlocked:               0 kB
SwapTotal:       1500156 kB
SwapFree:         112428 kB
Dirty:               136 kB
Writeback:             0 kB
AnonPages:       3184140 kB
Mapped:           181636 kB
Shmem:            264388 kB
Slab:              55356 kB
SReclaimable:      24136 kB
SUnreclaim:        31220 kB
KernelStack:        5872 kB
PageTables:        69464 kB
NFS_Unstable:          0 kB
Bounce:                0 kB
WritebackTmp:          0 kB
CommitLimit:     3478976 kB
Committed_AS:    9800576 kB
VmallocTotal:   34359738367 kB
VmallocUsed:      367692 kB
VmallocChunk:   34359345752 kB
HardwareCorrupted:     0 kB
AnonHugePages:    174080 kB
HugePages_Total:       0
HugePages_Free:        0
HugePages_Rsvd:        0
HugePages_Surp:        0
Hugepagesize:       2048 kB
DirectMap4k:       15828 kB
DirectMap2M:     4083712 kB


CPU:total 4 (2 cores per cpu, 2 threads per core) family 6 model 42 stepping 7, cmov, cx8, fxsr, mmx, sse, sse2, sse3, ssse3, sse4.1, sse4.2, popcnt, avx, aes, ht, tsc, tscinvbit

/proc/cpuinfo:
processor	: 0
vendor_id	: GenuineIntel
cpu family	: 6
model		: 42
model name	: Intel(R) Core(TM) i5-2520M CPU @ 2.50GHz
stepping	: 7
microcode	: 0x29
cpu MHz		: 2599.707
cache size	: 3072 KB
physical id	: 0
siblings	: 4
core id		: 0
cpu cores	: 2
apicid		: 0
initial apicid	: 0
fpu		: yes
fpu_exception	: yes
cpuid level	: 13
wp		: yes
flags		: fpu vme de pse tsc msr pae mce cx8 apic sep mtrr pge mca cmov pat pse36 clflush dts acpi mmx fxsr sse sse2 ss ht tm pbe syscall nx rdtscp lm constant_tsc arch_perfmon pebs bts rep_good nopl xtopology nonstop_tsc aperfmperf eagerfpu pni pclmulqdq dtes64 monitor ds_cpl vmx smx est tm2 ssse3 cx16 xtpr pdcm pcid sse4_1 sse4_2 x2apic popcnt tsc_deadline_timer aes xsave avx lahf_lm ida arat epb xsaveopt pln pts dtherm tpr_shadow vnmi flexpriority ept vpid
bogomips	: 4988.96
clflush size	: 64
cache_alignment	: 64
address sizes	: 36 bits physical, 48 bits virtual
power management:

processor	: 1
vendor_id	: GenuineIntel
cpu family	: 6
model		: 42
model name	: Intel(R) Core(TM) i5-2520M CPU @ 2.50GHz
stepping	: 7
microcode	: 0x29
cpu MHz		: 2599.804
cache size	: 3072 KB
physical id	: 0
siblings	: 4
core id		: 1
cpu cores	: 2
apicid		: 2
initial apicid	: 2
fpu		: yes
fpu_exception	: yes
cpuid level	: 13
wp		: yes
flags		: fpu vme de pse tsc msr pae mce cx8 apic sep mtrr pge mca cmov pat pse36 clflush dts acpi mmx fxsr sse sse2 ss ht tm pbe syscall nx rdtscp lm constant_tsc arch_perfmon pebs bts rep_good nopl xtopology nonstop_tsc aperfmperf eagerfpu pni pclmulqdq dtes64 monitor ds_cpl vmx smx est tm2 ssse3 cx16 xtpr pdcm pcid sse4_1 sse4_2 x2apic popcnt tsc_deadline_timer aes xsave avx lahf_lm ida arat epb xsaveopt pln pts dtherm tpr_shadow vnmi flexpriority ept vpid
bogomips	: 4988.96
clflush size	: 64
cache_alignment	: 64
address sizes	: 36 bits physical, 48 bits virtual
power management:

processor	: 2
vendor_id	: GenuineIntel
cpu family	: 6
model		: 42
model name	: Intel(R) Core(TM) i5-2520M CPU @ 2.50GHz
stepping	: 7
microcode	: 0x29
cpu MHz		: 2599.316
cache size	: 3072 KB
physical id	: 0
siblings	: 4
core id		: 0
cpu cores	: 2
apicid		: 1
initial apicid	: 1
fpu		: yes
fpu_exception	: yes
cpuid level	: 13
wp		: yes
flags		: fpu vme de pse tsc msr pae mce cx8 apic sep mtrr pge mca cmov pat pse36 clflush dts acpi mmx fxsr sse sse2 ss ht tm pbe syscall nx rdtscp lm constant_tsc arch_perfmon pebs bts rep_good nopl xtopology nonstop_tsc aperfmperf eagerfpu pni pclmulqdq dtes64 monitor ds_cpl vmx smx est tm2 ssse3 cx16 xtpr pdcm pcid sse4_1 sse4_2 x2apic popcnt tsc_deadline_timer aes xsave avx lahf_lm ida arat epb xsaveopt pln pts dtherm tpr_shadow vnmi flexpriority ept vpid
bogomips	: 4988.96
clflush size	: 64
cache_alignment	: 64
address sizes	: 36 bits physical, 48 bits virtual
power management:

processor	: 3
vendor_id	: GenuineIntel
cpu family	: 6
model		: 42
model name	: Intel(R) Core(TM) i5-2520M CPU @ 2.50GHz
stepping	: 7
microcode	: 0x29
cpu MHz		: 2599.316
cache size	: 3072 KB
physical id	: 0
siblings	: 4
core id		: 1
cpu cores	: 2
apicid		: 3
initial apicid	: 3
fpu		: yes
fpu_exception	: yes
cpuid level	: 13
wp		: yes
flags		: fpu vme de pse tsc msr pae mce cx8 apic sep mtrr pge mca cmov pat pse36 clflush dts acpi mmx fxsr sse sse2 ss ht tm pbe syscall nx rdtscp lm constant_tsc arch_perfmon pebs bts rep_good nopl xtopology nonstop_tsc aperfmperf eagerfpu pni pclmulqdq dtes64 monitor ds_cpl vmx smx est tm2 ssse3 cx16 xtpr pdcm pcid sse4_1 sse4_2 x2apic popcnt tsc_deadline_timer aes xsave avx lahf_lm ida arat epb xsaveopt pln pts dtherm tpr_shadow vnmi flexpriority ept vpid
bogomips	: 4988.96
clflush size	: 64
cache_alignment	: 64
address sizes	: 36 bits physical, 48 bits virtual
power management:



Memory: 4k page, physical 3957644k(130504k free), swap 1500156k(112428k free)

vm_info: OpenJDK 64-Bit Server VM (24.51-b03) for linux-amd64 JRE (1.7.0_51-b31), built on Jan 29 2014 14:05:34 by "nobody" with gcc 4.8.2 20131219 (prerelease)

time: Wed Mar 12 02:51:33 2014
elapsed time: 0 seconds

