#
# There is insufficient memory for the Java Runtime Environment to continue.
# Native memory allocation (malloc) failed to allocate 358088704 bytes for committing reserved memory.
# Possible reasons:
#   The system is out of physical RAM or swap space
#   In 32 bit mode, the process size limit was hit
# Possible solutions:
#   Reduce memory load on the system
#   Increase physical memory or swap space
#   Check if swap backing store is full
#   Use 64 bit Java on a 64 bit OS
#   Decrease Java heap size (-Xmx/-Xms)
#   Decrease number of Java threads
#   Decrease Java thread stack sizes (-Xss)
#   Set larger code cache with -XX:ReservedCodeCacheSize=
# This output file may be truncated or incomplete.
#
#  Out of Memory Error (os_linux.cpp:2769), pid=6811, tid=140575688812288
#
# JRE version:  (7.0_51-b31) (build )
# Java VM: OpenJDK 64-Bit Server VM (24.51-b03 mixed mode linux-amd64 compressed oops)
# Failed to write core dump. Core dumps have been disabled. To enable core dumping, try "ulimit -c unlimited" before starting Java again
#

---------------  T H R E A D  ---------------

Current thread (0x00007fda4c008800):  JavaThread "Unknown thread" [_thread_in_vm, id=6812, stack(0x00007fda53eee000,0x00007fda53fef000)]

Stack: [0x00007fda53eee000,0x00007fda53fef000],  sp=0x00007fda53fed4c0,  free space=1021k
Native frames: (J=compiled Java code, j=interpreted, Vv=VM code, C=native code)
V  [libjvm.so+0x917f29]  JVM_handle_linux_signal+0x177939
V  [libjvm.so+0x467d44]  dlerror+0x467d44
V  [libjvm.so+0x79a9db]  JVM_FindSignal+0x18cf6b
V  [libjvm.so+0x79534f]  JVM_FindSignal+0x1878df
V  [libjvm.so+0x8056ab]  JVM_handle_linux_signal+0x650bb
V  [libjvm.so+0x80641b]  JVM_handle_linux_signal+0x65e2b
V  [libjvm.so+0x806af3]  JVM_handle_linux_signal+0x66503
V  [libjvm.so+0x284af5]  dlerror+0x284af5
V  [libjvm.so+0x7b8bfa]  JVM_handle_linux_signal+0x1860a
V  [libjvm.so+0x8ea057]  JVM_handle_linux_signal+0x149a67
V  [libjvm.so+0x8ea387]  JVM_handle_linux_signal+0x149d97
V  [libjvm.so+0x575b45]  AsyncGetCallTrace+0x90455
V  [libjvm.so+0x8cd1df]  JVM_handle_linux_signal+0x12cbef
V  [libjvm.so+0x5df324]  JNI_CreateJavaVM+0x54
C  [libjli.so+0x2998]  getenv+0x2998


---------------  P R O C E S S  ---------------

Java Threads: ( => current thread )

Other Threads:

=>0x00007fda4c008800 (exited) JavaThread "Unknown thread" [_thread_in_vm, id=6812, stack(0x00007fda53eee000,0x00007fda53fef000)]

VM state:not at safepoint (not fully initialized)

VM Mutex/Monitor currently owned by a thread: None

GC Heap History (0 events):
No events

Deoptimization events (0 events):
No events

Internal exceptions (0 events):
No events

Events (0 events):
No events


Dynamic libraries:
00400000-00401000 r-xp 00000000 08:03 3419033                            /usr/lib/jvm/java-7-openjdk/jre/bin/java
00600000-00601000 rw-p 00000000 08:03 3419033                            /usr/lib/jvm/java-7-openjdk/jre/bin/java
025d8000-025f9000 rw-p 00000000 00:00 0                                  [heap]
aff80000-eaa80000 rw-p 00000000 00:00 0 
7fda44000000-7fda44270000 rwxp 00000000 00:00 0 
7fda44270000-7fda4c021000 rw-p 00000000 00:00 0 
7fda4c021000-7fda50000000 ---p 00000000 00:00 0 
7fda50d61000-7fda50fe1000 rw-p 00000000 00:00 0 
7fda50fe1000-7fda50fec000 rw-p 00000000 00:00 0 
7fda50fec000-7fda511e2000 rw-p 00000000 00:00 0 
7fda511e2000-7fda511ea000 r-xp 00000000 08:03 3419001                    /usr/lib/jvm/java-7-openjdk/jre/lib/amd64/libzip.so
7fda511ea000-7fda513e9000 ---p 00008000 08:03 3419001                    /usr/lib/jvm/java-7-openjdk/jre/lib/amd64/libzip.so
7fda513e9000-7fda513ea000 rw-p 00007000 08:03 3419001                    /usr/lib/jvm/java-7-openjdk/jre/lib/amd64/libzip.so
7fda513ea000-7fda513f5000 r-xp 00000000 08:03 2627059                    /usr/lib/libnss_files-2.19.so
7fda513f5000-7fda515f4000 ---p 0000b000 08:03 2627059                    /usr/lib/libnss_files-2.19.so
7fda515f4000-7fda515f5000 r--p 0000a000 08:03 2627059                    /usr/lib/libnss_files-2.19.so
7fda515f5000-7fda515f6000 rw-p 0000b000 08:03 2627059                    /usr/lib/libnss_files-2.19.so
7fda515f6000-7fda51621000 r-xp 00000000 08:03 3419000                    /usr/lib/jvm/java-7-openjdk/jre/lib/amd64/libjava.so
7fda51621000-7fda51820000 ---p 0002b000 08:03 3419000                    /usr/lib/jvm/java-7-openjdk/jre/lib/amd64/libjava.so
7fda51820000-7fda51822000 rw-p 0002a000 08:03 3419000                    /usr/lib/jvm/java-7-openjdk/jre/lib/amd64/libjava.so
7fda51822000-7fda5182f000 r-xp 00000000 08:03 3418999                    /usr/lib/jvm/java-7-openjdk/jre/lib/amd64/libverify.so
7fda5182f000-7fda51a2e000 ---p 0000d000 08:03 3418999                    /usr/lib/jvm/java-7-openjdk/jre/lib/amd64/libverify.so
7fda51a2e000-7fda51a30000 rw-p 0000c000 08:03 3418999                    /usr/lib/jvm/java-7-openjdk/jre/lib/amd64/libverify.so
7fda51a30000-7fda51a37000 r-xp 00000000 08:03 2627087                    /usr/lib/librt-2.19.so
7fda51a37000-7fda51c36000 ---p 00007000 08:03 2627087                    /usr/lib/librt-2.19.so
7fda51c36000-7fda51c37000 r--p 00006000 08:03 2627087                    /usr/lib/librt-2.19.so
7fda51c37000-7fda51c38000 rw-p 00007000 08:03 2627087                    /usr/lib/librt-2.19.so
7fda51c38000-7fda51c4d000 r-xp 00000000 08:03 2626960                    /usr/lib/libgcc_s.so.1
7fda51c4d000-7fda51e4d000 ---p 00015000 08:03 2626960                    /usr/lib/libgcc_s.so.1
7fda51e4d000-7fda51e4e000 rw-p 00015000 08:03 2626960                    /usr/lib/libgcc_s.so.1
7fda51e4e000-7fda51f4e000 r-xp 00000000 08:03 2626436                    /usr/lib/libm-2.19.so
7fda51f4e000-7fda5214d000 ---p 00100000 08:03 2626436                    /usr/lib/libm-2.19.so
7fda5214d000-7fda5214e000 r--p 000ff000 08:03 2626436                    /usr/lib/libm-2.19.so
7fda5214e000-7fda5214f000 rw-p 00100000 08:03 2626436                    /usr/lib/libm-2.19.so
7fda5214f000-7fda52235000 r-xp 00000000 08:03 2634179                    /usr/lib/libstdc++.so.6.0.19
7fda52235000-7fda52434000 ---p 000e6000 08:03 2634179                    /usr/lib/libstdc++.so.6.0.19
7fda52434000-7fda5243c000 r--p 000e5000 08:03 2634179                    /usr/lib/libstdc++.so.6.0.19
7fda5243c000-7fda5243e000 rw-p 000ed000 08:03 2634179                    /usr/lib/libstdc++.so.6.0.19
7fda5243e000-7fda52453000 rw-p 00000000 00:00 0 
7fda52453000-7fda52f34000 r-xp 00000000 08:03 3419032                    /usr/lib/jvm/java-7-openjdk/jre/lib/amd64/server/libjvm.so
7fda52f34000-7fda53133000 ---p 00ae1000 08:03 3419032                    /usr/lib/jvm/java-7-openjdk/jre/lib/amd64/server/libjvm.so
7fda53133000-7fda531e7000 rw-p 00ae0000 08:03 3419032                    /usr/lib/jvm/java-7-openjdk/jre/lib/amd64/server/libjvm.so
7fda531e7000-7fda53215000 rw-p 00000000 00:00 0 
7fda53215000-7fda5322a000 r-xp 00000000 08:03 2625745                    /usr/lib/libz.so.1.2.8
7fda5322a000-7fda53429000 ---p 00015000 08:03 2625745                    /usr/lib/libz.so.1.2.8
7fda53429000-7fda5342a000 r--p 00014000 08:03 2625745                    /usr/lib/libz.so.1.2.8
7fda5342a000-7fda5342b000 rw-p 00015000 08:03 2625745                    /usr/lib/libz.so.1.2.8
7fda5342b000-7fda535c9000 r-xp 00000000 08:03 2627163                    /usr/lib/libc-2.19.so
7fda535c9000-7fda537c9000 ---p 0019e000 08:03 2627163                    /usr/lib/libc-2.19.so
7fda537c9000-7fda537cd000 r--p 0019e000 08:03 2627163                    /usr/lib/libc-2.19.so
7fda537cd000-7fda537cf000 rw-p 001a2000 08:03 2627163                    /usr/lib/libc-2.19.so
7fda537cf000-7fda537d3000 rw-p 00000000 00:00 0 
7fda537d3000-7fda537d6000 r-xp 00000000 08:03 2626455                    /usr/lib/libdl-2.19.so
7fda537d6000-7fda539d5000 ---p 00003000 08:03 2626455                    /usr/lib/libdl-2.19.so
7fda539d5000-7fda539d6000 r--p 00002000 08:03 2626455                    /usr/lib/libdl-2.19.so
7fda539d6000-7fda539d7000 rw-p 00003000 08:03 2626455                    /usr/lib/libdl-2.19.so
7fda539d7000-7fda539e4000 r-xp 00000000 08:03 3419028                    /usr/lib/jvm/java-7-openjdk/jre/lib/amd64/jli/libjli.so
7fda539e4000-7fda53be3000 ---p 0000d000 08:03 3419028                    /usr/lib/jvm/java-7-openjdk/jre/lib/amd64/jli/libjli.so
7fda53be3000-7fda53be4000 rw-p 0000c000 08:03 3419028                    /usr/lib/jvm/java-7-openjdk/jre/lib/amd64/jli/libjli.so
7fda53be4000-7fda53bfc000 r-xp 00000000 08:03 2628509                    /usr/lib/libpthread-2.19.so
7fda53bfc000-7fda53dfb000 ---p 00018000 08:03 2628509                    /usr/lib/libpthread-2.19.so
7fda53dfb000-7fda53dfc000 r--p 00017000 08:03 2628509                    /usr/lib/libpthread-2.19.so
7fda53dfc000-7fda53dfd000 rw-p 00018000 08:03 2628509                    /usr/lib/libpthread-2.19.so
7fda53dfd000-7fda53e01000 rw-p 00000000 00:00 0 
7fda53e01000-7fda53e21000 r-xp 00000000 08:03 2626898                    /usr/lib/ld-2.19.so
7fda53eee000-7fda53ef1000 ---p 00000000 00:00 0 
7fda53ef1000-7fda53ff3000 rw-p 00000000 00:00 0                          [stack:6812]
7fda54014000-7fda54016000 rw-p 00000000 00:00 0 
7fda54016000-7fda5401e000 rw-s 00000000 00:1d 148842                     /tmp/hsperfdata_gabriel/6811
7fda5401e000-7fda5401f000 rw-p 00000000 00:00 0 
7fda5401f000-7fda54020000 r--p 00000000 00:00 0 
7fda54020000-7fda54021000 rw-p 00000000 00:00 0 
7fda54021000-7fda54022000 r--p 00020000 08:03 2626898                    /usr/lib/ld-2.19.so
7fda54022000-7fda54023000 rw-p 00021000 08:03 2626898                    /usr/lib/ld-2.19.so
7fda54023000-7fda54024000 rw-p 00000000 00:00 0 
7fff310c1000-7fff310e2000 rw-p 00000000 00:00 0                          [stack]
7fff311fe000-7fff31200000 r-xp 00000000 00:00 0                          [vdso]
ffffffffff600000-ffffffffff601000 r-xp 00000000 00:00 0                  [vsyscall]

VM Arguments:
jvm_args: -Xms1024m -Xmx1024m -XX:MaxPermSize=256m -XX:ReservedCodeCacheSize=128m 
java_command: /usr/share/java/sbt/bin/sbt-launch.jar update gen-idea
Launcher Type: SUN_STANDARD

Environment Variables:
JAVA_HOME=/usr/lib/jvm/java-7-openjdk
PATH=/usr/local/sbin:/usr/local/bin:/usr/bin:/usr/bin/vendor_perl:/usr/bin/core_perl
USERNAME=gabriel
SHELL=/bin/bash
DISPLAY=:0.0

Signal Handlers:
SIGSEGV: [libjvm.so+0x918a20], sa_mask[0]=0x7ffbfeff, sa_flags=0x10000004
SIGBUS: [libjvm.so+0x918a20], sa_mask[0]=0x7ffbfeff, sa_flags=0x10000004
SIGFPE: [libjvm.so+0x796090], sa_mask[0]=0x7ffbfeff, sa_flags=0x10000004
SIGPIPE: [libjvm.so+0x796090], sa_mask[0]=0x7ffbfeff, sa_flags=0x10000004
SIGXFSZ: [libjvm.so+0x796090], sa_mask[0]=0x7ffbfeff, sa_flags=0x10000004
SIGILL: [libjvm.so+0x796090], sa_mask[0]=0x7ffbfeff, sa_flags=0x10000004
SIGUSR1: SIG_DFL, sa_mask[0]=0x00000000, sa_flags=0x00000000
SIGUSR2: [libjvm.so+0x795f30], sa_mask[0]=0x00000000, sa_flags=0x10000004
SIGHUP: SIG_DFL, sa_mask[0]=0x00000000, sa_flags=0x00000000
SIGINT: SIG_DFL, sa_mask[0]=0x00000000, sa_flags=0x00000000
SIGTERM: SIG_DFL, sa_mask[0]=0x00000000, sa_flags=0x00000000
SIGQUIT: SIG_DFL, sa_mask[0]=0x00000000, sa_flags=0x00000000


---------------  S Y S T E M  ---------------

OS:ManjaroLinux 0.8.9 (Ascella)
uname:Linux 3.10.32-2-MANJARO #1 SMP Sun Mar 2 22:14:17 EST 2014 x86_64
libc:glibc 2.19 NPTL 2.19 
rlimit: STACK 8192k, CORE 0k, NPROC 30872, NOFILE 4096, AS infinity
load average:0.39 0.39 0.44

/proc/meminfo:
MemTotal:        3957644 kB
MemFree:          114796 kB
Buffers:            6296 kB
Cached:           363272 kB
SwapCached:        68132 kB
Active:          2639916 kB
Inactive:         989924 kB
Active(anon):    2581000 kB
Inactive(anon):   941856 kB
Active(file):      58916 kB
Inactive(file):    48068 kB
Unevictable:           0 kB
Mlocked:               0 kB
SwapTotal:       1500156 kB
SwapFree:         122380 kB
Dirty:               216 kB
Writeback:             0 kB
AnonPages:       3193716 kB
Mapped:           183584 kB
Shmem:            262584 kB
Slab:              55428 kB
SReclaimable:      24132 kB
SUnreclaim:        31296 kB
KernelStack:        5872 kB
PageTables:        69684 kB
NFS_Unstable:          0 kB
Bounce:                0 kB
WritebackTmp:          0 kB
CommitLimit:     3478976 kB
Committed_AS:    9796872 kB
VmallocTotal:   34359738367 kB
VmallocUsed:      367692 kB
VmallocChunk:   34359345752 kB
HardwareCorrupted:     0 kB
AnonHugePages:    174080 kB
HugePages_Total:       0
HugePages_Free:        0
HugePages_Rsvd:        0
HugePages_Surp:        0
Hugepagesize:       2048 kB
DirectMap4k:       15828 kB
DirectMap2M:     4083712 kB


CPU:total 4 (2 cores per cpu, 2 threads per core) family 6 model 42 stepping 7, cmov, cx8, fxsr, mmx, sse, sse2, sse3, ssse3, sse4.1, sse4.2, popcnt, avx, aes, ht, tsc, tscinvbit

/proc/cpuinfo:
processor	: 0
vendor_id	: GenuineIntel
cpu family	: 6
model		: 42
model name	: Intel(R) Core(TM) i5-2520M CPU @ 2.50GHz
stepping	: 7
microcode	: 0x29
cpu MHz		: 2599.609
cache size	: 3072 KB
physical id	: 0
siblings	: 4
core id		: 0
cpu cores	: 2
apicid		: 0
initial apicid	: 0
fpu		: yes
fpu_exception	: yes
cpuid level	: 13
wp		: yes
flags		: fpu vme de pse tsc msr pae mce cx8 apic sep mtrr pge mca cmov pat pse36 clflush dts acpi mmx fxsr sse sse2 ss ht tm pbe syscall nx rdtscp lm constant_tsc arch_perfmon pebs bts rep_good nopl xtopology nonstop_tsc aperfmperf eagerfpu pni pclmulqdq dtes64 monitor ds_cpl vmx smx est tm2 ssse3 cx16 xtpr pdcm pcid sse4_1 sse4_2 x2apic popcnt tsc_deadline_timer aes xsave avx lahf_lm ida arat epb xsaveopt pln pts dtherm tpr_shadow vnmi flexpriority ept vpid
bogomips	: 4988.96
clflush size	: 64
cache_alignment	: 64
address sizes	: 36 bits physical, 48 bits virtual
power management:

processor	: 1
vendor_id	: GenuineIntel
cpu family	: 6
model		: 42
model name	: Intel(R) Core(TM) i5-2520M CPU @ 2.50GHz
stepping	: 7
microcode	: 0x29
cpu MHz		: 2598.242
cache size	: 3072 KB
physical id	: 0
siblings	: 4
core id		: 1
cpu cores	: 2
apicid		: 2
initial apicid	: 2
fpu		: yes
fpu_exception	: yes
cpuid level	: 13
wp		: yes
flags		: fpu vme de pse tsc msr pae mce cx8 apic sep mtrr pge mca cmov pat pse36 clflush dts acpi mmx fxsr sse sse2 ss ht tm pbe syscall nx rdtscp lm constant_tsc arch_perfmon pebs bts rep_good nopl xtopology nonstop_tsc aperfmperf eagerfpu pni pclmulqdq dtes64 monitor ds_cpl vmx smx est tm2 ssse3 cx16 xtpr pdcm pcid sse4_1 sse4_2 x2apic popcnt tsc_deadline_timer aes xsave avx lahf_lm ida arat epb xsaveopt pln pts dtherm tpr_shadow vnmi flexpriority ept vpid
bogomips	: 4988.96
clflush size	: 64
cache_alignment	: 64
address sizes	: 36 bits physical, 48 bits virtual
power management:

processor	: 2
vendor_id	: GenuineIntel
cpu family	: 6
model		: 42
model name	: Intel(R) Core(TM) i5-2520M CPU @ 2.50GHz
stepping	: 7
microcode	: 0x29
cpu MHz		: 2599.218
cache size	: 3072 KB
physical id	: 0
siblings	: 4
core id		: 0
cpu cores	: 2
apicid		: 1
initial apicid	: 1
fpu		: yes
fpu_exception	: yes
cpuid level	: 13
wp		: yes
flags		: fpu vme de pse tsc msr pae mce cx8 apic sep mtrr pge mca cmov pat pse36 clflush dts acpi mmx fxsr sse sse2 ss ht tm pbe syscall nx rdtscp lm constant_tsc arch_perfmon pebs bts rep_good nopl xtopology nonstop_tsc aperfmperf eagerfpu pni pclmulqdq dtes64 monitor ds_cpl vmx smx est tm2 ssse3 cx16 xtpr pdcm pcid sse4_1 sse4_2 x2apic popcnt tsc_deadline_timer aes xsave avx lahf_lm ida arat epb xsaveopt pln pts dtherm tpr_shadow vnmi flexpriority ept vpid
bogomips	: 4988.96
clflush size	: 64
cache_alignment	: 64
address sizes	: 36 bits physical, 48 bits virtual
power management:

processor	: 3
vendor_id	: GenuineIntel
cpu family	: 6
model		: 42
model name	: Intel(R) Core(TM) i5-2520M CPU @ 2.50GHz
stepping	: 7
microcode	: 0x29
cpu MHz		: 2599.609
cache size	: 3072 KB
physical id	: 0
siblings	: 4
core id		: 1
cpu cores	: 2
apicid		: 3
initial apicid	: 3
fpu		: yes
fpu_exception	: yes
cpuid level	: 13
wp		: yes
flags		: fpu vme de pse tsc msr pae mce cx8 apic sep mtrr pge mca cmov pat pse36 clflush dts acpi mmx fxsr sse sse2 ss ht tm pbe syscall nx rdtscp lm constant_tsc arch_perfmon pebs bts rep_good nopl xtopology nonstop_tsc aperfmperf eagerfpu pni pclmulqdq dtes64 monitor ds_cpl vmx smx est tm2 ssse3 cx16 xtpr pdcm pcid sse4_1 sse4_2 x2apic popcnt tsc_deadline_timer aes xsave avx lahf_lm ida arat epb xsaveopt pln pts dtherm tpr_shadow vnmi flexpriority ept vpid
bogomips	: 4988.96
clflush size	: 64
cache_alignment	: 64
address sizes	: 36 bits physical, 48 bits virtual
power management:



Memory: 4k page, physical 3957644k(114796k free), swap 1500156k(122380k free)

vm_info: OpenJDK 64-Bit Server VM (24.51-b03) for linux-amd64 JRE (1.7.0_51-b31), built on Jan 29 2014 14:05:34 by "nobody" with gcc 4.8.2 20131219 (prerelease)

time: Wed Mar 12 02:52:09 2014
elapsed time: 0 seconds

