#
# There is insufficient memory for the Java Runtime Environment to continue.
# Native memory allocation (malloc) failed to allocate 358088704 bytes for committing reserved memory.
# Possible reasons:
#   The system is out of physical RAM or swap space
#   In 32 bit mode, the process size limit was hit
# Possible solutions:
#   Reduce memory load on the system
#   Increase physical memory or swap space
#   Check if swap backing store is full
#   Use 64 bit Java on a 64 bit OS
#   Decrease Java heap size (-Xmx/-Xms)
#   Decrease number of Java threads
#   Decrease Java thread stack sizes (-Xss)
#   Set larger code cache with -XX:ReservedCodeCacheSize=
# This output file may be truncated or incomplete.
#
#  Out of Memory Error (os_linux.cpp:2769), pid=6511, tid=140512055850752
#
# JRE version:  (7.0_51-b31) (build )
# Java VM: OpenJDK 64-Bit Server VM (24.51-b03 mixed mode linux-amd64 compressed oops)
# Failed to write core dump. Core dumps have been disabled. To enable core dumping, try "ulimit -c unlimited" before starting Java again
#

---------------  T H R E A D  ---------------

Current thread (0x00007fcb7c008800):  JavaThread "Unknown thread" [_thread_in_vm, id=6512, stack(0x00007fcb831cf000,0x00007fcb832d0000)]

Stack: [0x00007fcb831cf000,0x00007fcb832d0000],  sp=0x00007fcb832ce4c0,  free space=1021k
Native frames: (J=compiled Java code, j=interpreted, Vv=VM code, C=native code)
V  [libjvm.so+0x917f29]  JVM_handle_linux_signal+0x177939
V  [libjvm.so+0x467d44]  dlerror+0x467d44
V  [libjvm.so+0x79a9db]  JVM_FindSignal+0x18cf6b
V  [libjvm.so+0x79534f]  JVM_FindSignal+0x1878df
V  [libjvm.so+0x8056ab]  JVM_handle_linux_signal+0x650bb
V  [libjvm.so+0x80641b]  JVM_handle_linux_signal+0x65e2b
V  [libjvm.so+0x806af3]  JVM_handle_linux_signal+0x66503
V  [libjvm.so+0x284af5]  dlerror+0x284af5
V  [libjvm.so+0x7b8bfa]  JVM_handle_linux_signal+0x1860a
V  [libjvm.so+0x8ea057]  JVM_handle_linux_signal+0x149a67
V  [libjvm.so+0x8ea387]  JVM_handle_linux_signal+0x149d97
V  [libjvm.so+0x575b45]  AsyncGetCallTrace+0x90455
V  [libjvm.so+0x8cd1df]  JVM_handle_linux_signal+0x12cbef
V  [libjvm.so+0x5df324]  JNI_CreateJavaVM+0x54
C  [libjli.so+0x2998]  getenv+0x2998


---------------  P R O C E S S  ---------------

Java Threads: ( => current thread )

Other Threads:

=>0x00007fcb7c008800 (exited) JavaThread "Unknown thread" [_thread_in_vm, id=6512, stack(0x00007fcb831cf000,0x00007fcb832d0000)]

VM state:not at safepoint (not fully initialized)

VM Mutex/Monitor currently owned by a thread: None

GC Heap History (0 events):
No events

Deoptimization events (0 events):
No events

Internal exceptions (0 events):
No events

Events (0 events):
No events


Dynamic libraries:
00400000-00401000 r-xp 00000000 08:03 3419033                            /usr/lib/jvm/java-7-openjdk/jre/bin/java
00600000-00601000 rw-p 00000000 08:03 3419033                            /usr/lib/jvm/java-7-openjdk/jre/bin/java
00bc5000-00be6000 rw-p 00000000 00:00 0                                  [heap]
aff80000-eaa80000 rw-p 00000000 00:00 0 
7fcb74000000-7fcb74270000 rwxp 00000000 00:00 0 
7fcb74270000-7fcb7c021000 rw-p 00000000 00:00 0 
7fcb7c021000-7fcb80000000 ---p 00000000 00:00 0 
7fcb80042000-7fcb802c2000 rw-p 00000000 00:00 0 
7fcb802c2000-7fcb802cd000 rw-p 00000000 00:00 0 
7fcb802cd000-7fcb804c3000 rw-p 00000000 00:00 0 
7fcb804c3000-7fcb804cb000 r-xp 00000000 08:03 3419001                    /usr/lib/jvm/java-7-openjdk/jre/lib/amd64/libzip.so
7fcb804cb000-7fcb806ca000 ---p 00008000 08:03 3419001                    /usr/lib/jvm/java-7-openjdk/jre/lib/amd64/libzip.so
7fcb806ca000-7fcb806cb000 rw-p 00007000 08:03 3419001                    /usr/lib/jvm/java-7-openjdk/jre/lib/amd64/libzip.so
7fcb806cb000-7fcb806d6000 r-xp 00000000 08:03 2627059                    /usr/lib/libnss_files-2.19.so
7fcb806d6000-7fcb808d5000 ---p 0000b000 08:03 2627059                    /usr/lib/libnss_files-2.19.so
7fcb808d5000-7fcb808d6000 r--p 0000a000 08:03 2627059                    /usr/lib/libnss_files-2.19.so
7fcb808d6000-7fcb808d7000 rw-p 0000b000 08:03 2627059                    /usr/lib/libnss_files-2.19.so
7fcb808d7000-7fcb80902000 r-xp 00000000 08:03 3419000                    /usr/lib/jvm/java-7-openjdk/jre/lib/amd64/libjava.so
7fcb80902000-7fcb80b01000 ---p 0002b000 08:03 3419000                    /usr/lib/jvm/java-7-openjdk/jre/lib/amd64/libjava.so
7fcb80b01000-7fcb80b03000 rw-p 0002a000 08:03 3419000                    /usr/lib/jvm/java-7-openjdk/jre/lib/amd64/libjava.so
7fcb80b03000-7fcb80b10000 r-xp 00000000 08:03 3418999                    /usr/lib/jvm/java-7-openjdk/jre/lib/amd64/libverify.so
7fcb80b10000-7fcb80d0f000 ---p 0000d000 08:03 3418999                    /usr/lib/jvm/java-7-openjdk/jre/lib/amd64/libverify.so
7fcb80d0f000-7fcb80d11000 rw-p 0000c000 08:03 3418999                    /usr/lib/jvm/java-7-openjdk/jre/lib/amd64/libverify.so
7fcb80d11000-7fcb80d18000 r-xp 00000000 08:03 2627087                    /usr/lib/librt-2.19.so
7fcb80d18000-7fcb80f17000 ---p 00007000 08:03 2627087                    /usr/lib/librt-2.19.so
7fcb80f17000-7fcb80f18000 r--p 00006000 08:03 2627087                    /usr/lib/librt-2.19.so
7fcb80f18000-7fcb80f19000 rw-p 00007000 08:03 2627087                    /usr/lib/librt-2.19.so
7fcb80f19000-7fcb80f2e000 r-xp 00000000 08:03 2626960                    /usr/lib/libgcc_s.so.1
7fcb80f2e000-7fcb8112e000 ---p 00015000 08:03 2626960                    /usr/lib/libgcc_s.so.1
7fcb8112e000-7fcb8112f000 rw-p 00015000 08:03 2626960                    /usr/lib/libgcc_s.so.1
7fcb8112f000-7fcb8122f000 r-xp 00000000 08:03 2626436                    /usr/lib/libm-2.19.so
7fcb8122f000-7fcb8142e000 ---p 00100000 08:03 2626436                    /usr/lib/libm-2.19.so
7fcb8142e000-7fcb8142f000 r--p 000ff000 08:03 2626436                    /usr/lib/libm-2.19.so
7fcb8142f000-7fcb81430000 rw-p 00100000 08:03 2626436                    /usr/lib/libm-2.19.so
7fcb81430000-7fcb81516000 r-xp 00000000 08:03 2634179                    /usr/lib/libstdc++.so.6.0.19
7fcb81516000-7fcb81715000 ---p 000e6000 08:03 2634179                    /usr/lib/libstdc++.so.6.0.19
7fcb81715000-7fcb8171d000 r--p 000e5000 08:03 2634179                    /usr/lib/libstdc++.so.6.0.19
7fcb8171d000-7fcb8171f000 rw-p 000ed000 08:03 2634179                    /usr/lib/libstdc++.so.6.0.19
7fcb8171f000-7fcb81734000 rw-p 00000000 00:00 0 
7fcb81734000-7fcb82215000 r-xp 00000000 08:03 3419032                    /usr/lib/jvm/java-7-openjdk/jre/lib/amd64/server/libjvm.so
7fcb82215000-7fcb82414000 ---p 00ae1000 08:03 3419032                    /usr/lib/jvm/java-7-openjdk/jre/lib/amd64/server/libjvm.so
7fcb82414000-7fcb824c8000 rw-p 00ae0000 08:03 3419032                    /usr/lib/jvm/java-7-openjdk/jre/lib/amd64/server/libjvm.so
7fcb824c8000-7fcb824f6000 rw-p 00000000 00:00 0 
7fcb824f6000-7fcb8250b000 r-xp 00000000 08:03 2625745                    /usr/lib/libz.so.1.2.8
7fcb8250b000-7fcb8270a000 ---p 00015000 08:03 2625745                    /usr/lib/libz.so.1.2.8
7fcb8270a000-7fcb8270b000 r--p 00014000 08:03 2625745                    /usr/lib/libz.so.1.2.8
7fcb8270b000-7fcb8270c000 rw-p 00015000 08:03 2625745                    /usr/lib/libz.so.1.2.8
7fcb8270c000-7fcb828aa000 r-xp 00000000 08:03 2627163                    /usr/lib/libc-2.19.so
7fcb828aa000-7fcb82aaa000 ---p 0019e000 08:03 2627163                    /usr/lib/libc-2.19.so
7fcb82aaa000-7fcb82aae000 r--p 0019e000 08:03 2627163                    /usr/lib/libc-2.19.so
7fcb82aae000-7fcb82ab0000 rw-p 001a2000 08:03 2627163                    /usr/lib/libc-2.19.so
7fcb82ab0000-7fcb82ab4000 rw-p 00000000 00:00 0 
7fcb82ab4000-7fcb82ab7000 r-xp 00000000 08:03 2626455                    /usr/lib/libdl-2.19.so
7fcb82ab7000-7fcb82cb6000 ---p 00003000 08:03 2626455                    /usr/lib/libdl-2.19.so
7fcb82cb6000-7fcb82cb7000 r--p 00002000 08:03 2626455                    /usr/lib/libdl-2.19.so
7fcb82cb7000-7fcb82cb8000 rw-p 00003000 08:03 2626455                    /usr/lib/libdl-2.19.so
7fcb82cb8000-7fcb82cc5000 r-xp 00000000 08:03 3419028                    /usr/lib/jvm/java-7-openjdk/jre/lib/amd64/jli/libjli.so
7fcb82cc5000-7fcb82ec4000 ---p 0000d000 08:03 3419028                    /usr/lib/jvm/java-7-openjdk/jre/lib/amd64/jli/libjli.so
7fcb82ec4000-7fcb82ec5000 rw-p 0000c000 08:03 3419028                    /usr/lib/jvm/java-7-openjdk/jre/lib/amd64/jli/libjli.so
7fcb82ec5000-7fcb82edd000 r-xp 00000000 08:03 2628509                    /usr/lib/libpthread-2.19.so
7fcb82edd000-7fcb830dc000 ---p 00018000 08:03 2628509                    /usr/lib/libpthread-2.19.so
7fcb830dc000-7fcb830dd000 r--p 00017000 08:03 2628509                    /usr/lib/libpthread-2.19.so
7fcb830dd000-7fcb830de000 rw-p 00018000 08:03 2628509                    /usr/lib/libpthread-2.19.so
7fcb830de000-7fcb830e2000 rw-p 00000000 00:00 0 
7fcb830e2000-7fcb83102000 r-xp 00000000 08:03 2626898                    /usr/lib/ld-2.19.so
7fcb831cf000-7fcb831d2000 ---p 00000000 00:00 0 
7fcb831d2000-7fcb832d4000 rw-p 00000000 00:00 0                          [stack:6512]
7fcb832f5000-7fcb832f7000 rw-p 00000000 00:00 0 
7fcb832f7000-7fcb832ff000 rw-s 00000000 00:1d 145767                     /tmp/hsperfdata_gabriel/6511
7fcb832ff000-7fcb83300000 rw-p 00000000 00:00 0 
7fcb83300000-7fcb83301000 r--p 00000000 00:00 0 
7fcb83301000-7fcb83302000 rw-p 00000000 00:00 0 
7fcb83302000-7fcb83303000 r--p 00020000 08:03 2626898                    /usr/lib/ld-2.19.so
7fcb83303000-7fcb83304000 rw-p 00021000 08:03 2626898                    /usr/lib/ld-2.19.so
7fcb83304000-7fcb83305000 rw-p 00000000 00:00 0 
7fff1df6e000-7fff1df8f000 rw-p 00000000 00:00 0                          [stack]
7fff1dffe000-7fff1e000000 r-xp 00000000 00:00 0                          [vdso]
ffffffffff600000-ffffffffff601000 r-xp 00000000 00:00 0                  [vsyscall]

VM Arguments:
jvm_args: -Xms1024m -Xmx1024m -XX:MaxPermSize=256m -XX:ReservedCodeCacheSize=128m 
java_command: /usr/share/java/sbt/bin/sbt-launch.jar update
Launcher Type: SUN_STANDARD

Environment Variables:
JAVA_HOME=/usr/lib/jvm/java-7-openjdk
PATH=/usr/local/sbin:/usr/local/bin:/usr/bin:/usr/bin/vendor_perl:/usr/bin/core_perl
USERNAME=gabriel
SHELL=/bin/bash
DISPLAY=:0.0

Signal Handlers:
SIGSEGV: [libjvm.so+0x918a20], sa_mask[0]=0x7ffbfeff, sa_flags=0x10000004
SIGBUS: [libjvm.so+0x918a20], sa_mask[0]=0x7ffbfeff, sa_flags=0x10000004
SIGFPE: [libjvm.so+0x796090], sa_mask[0]=0x7ffbfeff, sa_flags=0x10000004
SIGPIPE: [libjvm.so+0x796090], sa_mask[0]=0x7ffbfeff, sa_flags=0x10000004
SIGXFSZ: [libjvm.so+0x796090], sa_mask[0]=0x7ffbfeff, sa_flags=0x10000004
SIGILL: [libjvm.so+0x796090], sa_mask[0]=0x7ffbfeff, sa_flags=0x10000004
SIGUSR1: SIG_DFL, sa_mask[0]=0x00000000, sa_flags=0x00000000
SIGUSR2: [libjvm.so+0x795f30], sa_mask[0]=0x00000000, sa_flags=0x10000004
SIGHUP: SIG_DFL, sa_mask[0]=0x00000000, sa_flags=0x00000000
SIGINT: SIG_DFL, sa_mask[0]=0x00000000, sa_flags=0x00000000
SIGTERM: SIG_DFL, sa_mask[0]=0x00000000, sa_flags=0x00000000
SIGQUIT: SIG_DFL, sa_mask[0]=0x00000000, sa_flags=0x00000000


---------------  S Y S T E M  ---------------

OS:ManjaroLinux 0.8.9 (Ascella)
uname:Linux 3.10.32-2-MANJARO #1 SMP Sun Mar 2 22:14:17 EST 2014 x86_64
libc:glibc 2.19 NPTL 2.19 
rlimit: STACK 8192k, CORE 0k, NPROC 30872, NOFILE 4096, AS infinity
load average:0.56 0.41 0.45

/proc/meminfo:
MemTotal:        3957644 kB
MemFree:          120116 kB
Buffers:            8192 kB
Cached:           362008 kB
SwapCached:        66732 kB
Active:          2631532 kB
Inactive:         992052 kB
Active(anon):    2571920 kB
Inactive(anon):   946232 kB
Active(file):      59612 kB
Inactive(file):    45820 kB
Unevictable:           0 kB
Mlocked:               0 kB
SwapTotal:       1500156 kB
SwapFree:         116184 kB
Dirty:               164 kB
Writeback:             0 kB
AnonPages:       3187776 kB
Mapped:           181600 kB
Shmem:            264760 kB
Slab:              55356 kB
SReclaimable:      24136 kB
SUnreclaim:        31220 kB
KernelStack:        5872 kB
PageTables:        69464 kB
NFS_Unstable:          0 kB
Bounce:                0 kB
WritebackTmp:          0 kB
CommitLimit:     3478976 kB
Committed_AS:    9801028 kB
VmallocTotal:   34359738367 kB
VmallocUsed:      367692 kB
VmallocChunk:   34359345752 kB
HardwareCorrupted:     0 kB
AnonHugePages:    174080 kB
HugePages_Total:       0
HugePages_Free:        0
HugePages_Rsvd:        0
HugePages_Surp:        0
Hugepagesize:       2048 kB
DirectMap4k:       15828 kB
DirectMap2M:     4083712 kB


CPU:total 4 (2 cores per cpu, 2 threads per core) family 6 model 42 stepping 7, cmov, cx8, fxsr, mmx, sse, sse2, sse3, ssse3, sse4.1, sse4.2, popcnt, avx, aes, ht, tsc, tscinvbit

/proc/cpuinfo:
processor	: 0
vendor_id	: GenuineIntel
cpu family	: 6
model		: 42
model name	: Intel(R) Core(TM) i5-2520M CPU @ 2.50GHz
stepping	: 7
microcode	: 0x29
cpu MHz		: 2599.804
cache size	: 3072 KB
physical id	: 0
siblings	: 4
core id		: 0
cpu cores	: 2
apicid		: 0
initial apicid	: 0
fpu		: yes
fpu_exception	: yes
cpuid level	: 13
wp		: yes
flags		: fpu vme de pse tsc msr pae mce cx8 apic sep mtrr pge mca cmov pat pse36 clflush dts acpi mmx fxsr sse sse2 ss ht tm pbe syscall nx rdtscp lm constant_tsc arch_perfmon pebs bts rep_good nopl xtopology nonstop_tsc aperfmperf eagerfpu pni pclmulqdq dtes64 monitor ds_cpl vmx smx est tm2 ssse3 cx16 xtpr pdcm pcid sse4_1 sse4_2 x2apic popcnt tsc_deadline_timer aes xsave avx lahf_lm ida arat epb xsaveopt pln pts dtherm tpr_shadow vnmi flexpriority ept vpid
bogomips	: 4988.96
clflush size	: 64
cache_alignment	: 64
address sizes	: 36 bits physical, 48 bits virtual
power management:

processor	: 1
vendor_id	: GenuineIntel
cpu family	: 6
model		: 42
model name	: Intel(R) Core(TM) i5-2520M CPU @ 2.50GHz
stepping	: 7
microcode	: 0x29
cpu MHz		: 2599.316
cache size	: 3072 KB
physical id	: 0
siblings	: 4
core id		: 1
cpu cores	: 2
apicid		: 2
initial apicid	: 2
fpu		: yes
fpu_exception	: yes
cpuid level	: 13
wp		: yes
flags		: fpu vme de pse tsc msr pae mce cx8 apic sep mtrr pge mca cmov pat pse36 clflush dts acpi mmx fxsr sse sse2 ss ht tm pbe syscall nx rdtscp lm constant_tsc arch_perfmon pebs bts rep_good nopl xtopology nonstop_tsc aperfmperf eagerfpu pni pclmulqdq dtes64 monitor ds_cpl vmx smx est tm2 ssse3 cx16 xtpr pdcm pcid sse4_1 sse4_2 x2apic popcnt tsc_deadline_timer aes xsave avx lahf_lm ida arat epb xsaveopt pln pts dtherm tpr_shadow vnmi flexpriority ept vpid
bogomips	: 4988.96
clflush size	: 64
cache_alignment	: 64
address sizes	: 36 bits physical, 48 bits virtual
power management:

processor	: 2
vendor_id	: GenuineIntel
cpu family	: 6
model		: 42
model name	: Intel(R) Core(TM) i5-2520M CPU @ 2.50GHz
stepping	: 7
microcode	: 0x29
cpu MHz		: 2599.902
cache size	: 3072 KB
physical id	: 0
siblings	: 4
core id		: 0
cpu cores	: 2
apicid		: 1
initial apicid	: 1
fpu		: yes
fpu_exception	: yes
cpuid level	: 13
wp		: yes
flags		: fpu vme de pse tsc msr pae mce cx8 apic sep mtrr pge mca cmov pat pse36 clflush dts acpi mmx fxsr sse sse2 ss ht tm pbe syscall nx rdtscp lm constant_tsc arch_perfmon pebs bts rep_good nopl xtopology nonstop_tsc aperfmperf eagerfpu pni pclmulqdq dtes64 monitor ds_cpl vmx smx est tm2 ssse3 cx16 xtpr pdcm pcid sse4_1 sse4_2 x2apic popcnt tsc_deadline_timer aes xsave avx lahf_lm ida arat epb xsaveopt pln pts dtherm tpr_shadow vnmi flexpriority ept vpid
bogomips	: 4988.96
clflush size	: 64
cache_alignment	: 64
address sizes	: 36 bits physical, 48 bits virtual
power management:

processor	: 3
vendor_id	: GenuineIntel
cpu family	: 6
model		: 42
model name	: Intel(R) Core(TM) i5-2520M CPU @ 2.50GHz
stepping	: 7
microcode	: 0x29
cpu MHz		: 2599.121
cache size	: 3072 KB
physical id	: 0
siblings	: 4
core id		: 1
cpu cores	: 2
apicid		: 3
initial apicid	: 3
fpu		: yes
fpu_exception	: yes
cpuid level	: 13
wp		: yes
flags		: fpu vme de pse tsc msr pae mce cx8 apic sep mtrr pge mca cmov pat pse36 clflush dts acpi mmx fxsr sse sse2 ss ht tm pbe syscall nx rdtscp lm constant_tsc arch_perfmon pebs bts rep_good nopl xtopology nonstop_tsc aperfmperf eagerfpu pni pclmulqdq dtes64 monitor ds_cpl vmx smx est tm2 ssse3 cx16 xtpr pdcm pcid sse4_1 sse4_2 x2apic popcnt tsc_deadline_timer aes xsave avx lahf_lm ida arat epb xsaveopt pln pts dtherm tpr_shadow vnmi flexpriority ept vpid
bogomips	: 4988.96
clflush size	: 64
cache_alignment	: 64
address sizes	: 36 bits physical, 48 bits virtual
power management:



Memory: 4k page, physical 3957644k(120116k free), swap 1500156k(116184k free)

vm_info: OpenJDK 64-Bit Server VM (24.51-b03) for linux-amd64 JRE (1.7.0_51-b31), built on Jan 29 2014 14:05:34 by "nobody" with gcc 4.8.2 20131219 (prerelease)

time: Wed Mar 12 02:51:37 2014
elapsed time: 0 seconds

