#
# There is insufficient memory for the Java Runtime Environment to continue.
# Native memory allocation (malloc) failed to allocate 358088704 bytes for committing reserved memory.
# Possible reasons:
#   The system is out of physical RAM or swap space
#   In 32 bit mode, the process size limit was hit
# Possible solutions:
#   Reduce memory load on the system
#   Increase physical memory or swap space
#   Check if swap backing store is full
#   Use 64 bit Java on a 64 bit OS
#   Decrease Java heap size (-Xmx/-Xms)
#   Decrease number of Java threads
#   Decrease Java thread stack sizes (-Xss)
#   Set larger code cache with -XX:ReservedCodeCacheSize=
# This output file may be truncated or incomplete.
#
#  Out of Memory Error (os_linux.cpp:2769), pid=6361, tid=140416749983488
#
# JRE version:  (7.0_51-b31) (build )
# Java VM: OpenJDK 64-Bit Server VM (24.51-b03 mixed mode linux-amd64 compressed oops)
# Failed to write core dump. Core dumps have been disabled. To enable core dumping, try "ulimit -c unlimited" before starting Java again
#

---------------  T H R E A D  ---------------

Current thread (0x00007fb54c008800):  JavaThread "Unknown thread" [_thread_in_vm, id=6362, stack(0x00007fb55270d000,0x00007fb55280e000)]

Stack: [0x00007fb55270d000,0x00007fb55280e000],  sp=0x00007fb55280c4c0,  free space=1021k
Native frames: (J=compiled Java code, j=interpreted, Vv=VM code, C=native code)
V  [libjvm.so+0x917f29]  JVM_handle_linux_signal+0x177939
V  [libjvm.so+0x467d44]  dlerror+0x467d44
V  [libjvm.so+0x79a9db]  JVM_FindSignal+0x18cf6b
V  [libjvm.so+0x79534f]  JVM_FindSignal+0x1878df
V  [libjvm.so+0x8056ab]  JVM_handle_linux_signal+0x650bb
V  [libjvm.so+0x80641b]  JVM_handle_linux_signal+0x65e2b
V  [libjvm.so+0x806af3]  JVM_handle_linux_signal+0x66503
V  [libjvm.so+0x284af5]  dlerror+0x284af5
V  [libjvm.so+0x7b8bfa]  JVM_handle_linux_signal+0x1860a
V  [libjvm.so+0x8ea057]  JVM_handle_linux_signal+0x149a67
V  [libjvm.so+0x8ea387]  JVM_handle_linux_signal+0x149d97
V  [libjvm.so+0x575b45]  AsyncGetCallTrace+0x90455
V  [libjvm.so+0x8cd1df]  JVM_handle_linux_signal+0x12cbef
V  [libjvm.so+0x5df324]  JNI_CreateJavaVM+0x54
C  [libjli.so+0x2998]  getenv+0x2998


---------------  P R O C E S S  ---------------

Java Threads: ( => current thread )

Other Threads:

=>0x00007fb54c008800 (exited) JavaThread "Unknown thread" [_thread_in_vm, id=6362, stack(0x00007fb55270d000,0x00007fb55280e000)]

VM state:not at safepoint (not fully initialized)

VM Mutex/Monitor currently owned by a thread: None

GC Heap History (0 events):
No events

Deoptimization events (0 events):
No events

Internal exceptions (0 events):
No events

Events (0 events):
No events


Dynamic libraries:
00400000-00401000 r-xp 00000000 08:03 3419033                            /usr/lib/jvm/java-7-openjdk/jre/bin/java
00600000-00601000 rw-p 00000000 08:03 3419033                            /usr/lib/jvm/java-7-openjdk/jre/bin/java
01b3b000-01b5c000 rw-p 00000000 00:00 0                                  [heap]
aff80000-eaa80000 rw-p 00000000 00:00 0 
7fb54353f000-7fb5437bf000 rw-p 00000000 00:00 0 
7fb5437bf000-7fb5437ca000 rw-p 00000000 00:00 0 
7fb5437ca000-7fb5439c0000 rw-p 00000000 00:00 0 
7fb5439c0000-7fb543c30000 rwxp 00000000 00:00 0 
7fb543c30000-7fb54b9c0000 rw-p 00000000 00:00 0 
7fb54b9c0000-7fb54b9c8000 r-xp 00000000 08:03 3419001                    /usr/lib/jvm/java-7-openjdk/jre/lib/amd64/libzip.so
7fb54b9c8000-7fb54bbc7000 ---p 00008000 08:03 3419001                    /usr/lib/jvm/java-7-openjdk/jre/lib/amd64/libzip.so
7fb54bbc7000-7fb54bbc8000 rw-p 00007000 08:03 3419001                    /usr/lib/jvm/java-7-openjdk/jre/lib/amd64/libzip.so
7fb54bbc8000-7fb54bbd3000 r-xp 00000000 08:03 2627059                    /usr/lib/libnss_files-2.19.so
7fb54bbd3000-7fb54bdd2000 ---p 0000b000 08:03 2627059                    /usr/lib/libnss_files-2.19.so
7fb54bdd2000-7fb54bdd3000 r--p 0000a000 08:03 2627059                    /usr/lib/libnss_files-2.19.so
7fb54bdd3000-7fb54bdd4000 rw-p 0000b000 08:03 2627059                    /usr/lib/libnss_files-2.19.so
7fb54bdd4000-7fb54bdff000 r-xp 00000000 08:03 3419000                    /usr/lib/jvm/java-7-openjdk/jre/lib/amd64/libjava.so
7fb54bdff000-7fb54bffe000 ---p 0002b000 08:03 3419000                    /usr/lib/jvm/java-7-openjdk/jre/lib/amd64/libjava.so
7fb54bffe000-7fb54c000000 rw-p 0002a000 08:03 3419000                    /usr/lib/jvm/java-7-openjdk/jre/lib/amd64/libjava.so
7fb54c000000-7fb54c021000 rw-p 00000000 00:00 0 
7fb54c021000-7fb550000000 ---p 00000000 00:00 0 
7fb550041000-7fb55004e000 r-xp 00000000 08:03 3418999                    /usr/lib/jvm/java-7-openjdk/jre/lib/amd64/libverify.so
7fb55004e000-7fb55024d000 ---p 0000d000 08:03 3418999                    /usr/lib/jvm/java-7-openjdk/jre/lib/amd64/libverify.so
7fb55024d000-7fb55024f000 rw-p 0000c000 08:03 3418999                    /usr/lib/jvm/java-7-openjdk/jre/lib/amd64/libverify.so
7fb55024f000-7fb550256000 r-xp 00000000 08:03 2627087                    /usr/lib/librt-2.19.so
7fb550256000-7fb550455000 ---p 00007000 08:03 2627087                    /usr/lib/librt-2.19.so
7fb550455000-7fb550456000 r--p 00006000 08:03 2627087                    /usr/lib/librt-2.19.so
7fb550456000-7fb550457000 rw-p 00007000 08:03 2627087                    /usr/lib/librt-2.19.so
7fb550457000-7fb55046c000 r-xp 00000000 08:03 2626960                    /usr/lib/libgcc_s.so.1
7fb55046c000-7fb55066c000 ---p 00015000 08:03 2626960                    /usr/lib/libgcc_s.so.1
7fb55066c000-7fb55066d000 rw-p 00015000 08:03 2626960                    /usr/lib/libgcc_s.so.1
7fb55066d000-7fb55076d000 r-xp 00000000 08:03 2626436                    /usr/lib/libm-2.19.so
7fb55076d000-7fb55096c000 ---p 00100000 08:03 2626436                    /usr/lib/libm-2.19.so
7fb55096c000-7fb55096d000 r--p 000ff000 08:03 2626436                    /usr/lib/libm-2.19.so
7fb55096d000-7fb55096e000 rw-p 00100000 08:03 2626436                    /usr/lib/libm-2.19.so
7fb55096e000-7fb550a54000 r-xp 00000000 08:03 2634179                    /usr/lib/libstdc++.so.6.0.19
7fb550a54000-7fb550c53000 ---p 000e6000 08:03 2634179                    /usr/lib/libstdc++.so.6.0.19
7fb550c53000-7fb550c5b000 r--p 000e5000 08:03 2634179                    /usr/lib/libstdc++.so.6.0.19
7fb550c5b000-7fb550c5d000 rw-p 000ed000 08:03 2634179                    /usr/lib/libstdc++.so.6.0.19
7fb550c5d000-7fb550c72000 rw-p 00000000 00:00 0 
7fb550c72000-7fb551753000 r-xp 00000000 08:03 3419032                    /usr/lib/jvm/java-7-openjdk/jre/lib/amd64/server/libjvm.so
7fb551753000-7fb551952000 ---p 00ae1000 08:03 3419032                    /usr/lib/jvm/java-7-openjdk/jre/lib/amd64/server/libjvm.so
7fb551952000-7fb551a06000 rw-p 00ae0000 08:03 3419032                    /usr/lib/jvm/java-7-openjdk/jre/lib/amd64/server/libjvm.so
7fb551a06000-7fb551a34000 rw-p 00000000 00:00 0 
7fb551a34000-7fb551a49000 r-xp 00000000 08:03 2625745                    /usr/lib/libz.so.1.2.8
7fb551a49000-7fb551c48000 ---p 00015000 08:03 2625745                    /usr/lib/libz.so.1.2.8
7fb551c48000-7fb551c49000 r--p 00014000 08:03 2625745                    /usr/lib/libz.so.1.2.8
7fb551c49000-7fb551c4a000 rw-p 00015000 08:03 2625745                    /usr/lib/libz.so.1.2.8
7fb551c4a000-7fb551de8000 r-xp 00000000 08:03 2627163                    /usr/lib/libc-2.19.so
7fb551de8000-7fb551fe8000 ---p 0019e000 08:03 2627163                    /usr/lib/libc-2.19.so
7fb551fe8000-7fb551fec000 r--p 0019e000 08:03 2627163                    /usr/lib/libc-2.19.so
7fb551fec000-7fb551fee000 rw-p 001a2000 08:03 2627163                    /usr/lib/libc-2.19.so
7fb551fee000-7fb551ff2000 rw-p 00000000 00:00 0 
7fb551ff2000-7fb551ff5000 r-xp 00000000 08:03 2626455                    /usr/lib/libdl-2.19.so
7fb551ff5000-7fb5521f4000 ---p 00003000 08:03 2626455                    /usr/lib/libdl-2.19.so
7fb5521f4000-7fb5521f5000 r--p 00002000 08:03 2626455                    /usr/lib/libdl-2.19.so
7fb5521f5000-7fb5521f6000 rw-p 00003000 08:03 2626455                    /usr/lib/libdl-2.19.so
7fb5521f6000-7fb552203000 r-xp 00000000 08:03 3419028                    /usr/lib/jvm/java-7-openjdk/jre/lib/amd64/jli/libjli.so
7fb552203000-7fb552402000 ---p 0000d000 08:03 3419028                    /usr/lib/jvm/java-7-openjdk/jre/lib/amd64/jli/libjli.so
7fb552402000-7fb552403000 rw-p 0000c000 08:03 3419028                    /usr/lib/jvm/java-7-openjdk/jre/lib/amd64/jli/libjli.so
7fb552403000-7fb55241b000 r-xp 00000000 08:03 2628509                    /usr/lib/libpthread-2.19.so
7fb55241b000-7fb55261a000 ---p 00018000 08:03 2628509                    /usr/lib/libpthread-2.19.so
7fb55261a000-7fb55261b000 r--p 00017000 08:03 2628509                    /usr/lib/libpthread-2.19.so
7fb55261b000-7fb55261c000 rw-p 00018000 08:03 2628509                    /usr/lib/libpthread-2.19.so
7fb55261c000-7fb552620000 rw-p 00000000 00:00 0 
7fb552620000-7fb552640000 r-xp 00000000 08:03 2626898                    /usr/lib/ld-2.19.so
7fb55270d000-7fb552710000 ---p 00000000 00:00 0 
7fb552710000-7fb552812000 rw-p 00000000 00:00 0                          [stack:6362]
7fb552833000-7fb552835000 rw-p 00000000 00:00 0 
7fb552835000-7fb55283d000 rw-s 00000000 00:1d 148712                     /tmp/hsperfdata_gabriel/6361
7fb55283d000-7fb55283e000 rw-p 00000000 00:00 0 
7fb55283e000-7fb55283f000 r--p 00000000 00:00 0 
7fb55283f000-7fb552840000 rw-p 00000000 00:00 0 
7fb552840000-7fb552841000 r--p 00020000 08:03 2626898                    /usr/lib/ld-2.19.so
7fb552841000-7fb552842000 rw-p 00021000 08:03 2626898                    /usr/lib/ld-2.19.so
7fb552842000-7fb552843000 rw-p 00000000 00:00 0 
7fffcbcf7000-7fffcbd18000 rw-p 00000000 00:00 0                          [stack]
7fffcbdfe000-7fffcbe00000 r-xp 00000000 00:00 0                          [vdso]
ffffffffff600000-ffffffffff601000 r-xp 00000000 00:00 0                  [vsyscall]

VM Arguments:
jvm_args: -Xms1024m -Xmx1024m -XX:MaxPermSize=256m -XX:ReservedCodeCacheSize=128m 
java_command: /usr/share/java/sbt/bin/sbt-launch.jar update gen-idea
Launcher Type: SUN_STANDARD

Environment Variables:
JAVA_HOME=/usr/lib/jvm/java-7-openjdk
PATH=/usr/local/sbin:/usr/local/bin:/usr/bin:/usr/bin/vendor_perl:/usr/bin/core_perl
USERNAME=gabriel
SHELL=/bin/bash
DISPLAY=:0.0

Signal Handlers:
SIGSEGV: [libjvm.so+0x918a20], sa_mask[0]=0x7ffbfeff, sa_flags=0x10000004
SIGBUS: [libjvm.so+0x918a20], sa_mask[0]=0x7ffbfeff, sa_flags=0x10000004
SIGFPE: [libjvm.so+0x796090], sa_mask[0]=0x7ffbfeff, sa_flags=0x10000004
SIGPIPE: [libjvm.so+0x796090], sa_mask[0]=0x7ffbfeff, sa_flags=0x10000004
SIGXFSZ: [libjvm.so+0x796090], sa_mask[0]=0x7ffbfeff, sa_flags=0x10000004
SIGILL: [libjvm.so+0x796090], sa_mask[0]=0x7ffbfeff, sa_flags=0x10000004
SIGUSR1: SIG_DFL, sa_mask[0]=0x00000000, sa_flags=0x00000000
SIGUSR2: [libjvm.so+0x795f30], sa_mask[0]=0x00000000, sa_flags=0x10000004
SIGHUP: SIG_DFL, sa_mask[0]=0x00000000, sa_flags=0x00000000
SIGINT: SIG_DFL, sa_mask[0]=0x00000000, sa_flags=0x00000000
SIGTERM: SIG_DFL, sa_mask[0]=0x00000000, sa_flags=0x00000000
SIGQUIT: SIG_DFL, sa_mask[0]=0x00000000, sa_flags=0x00000000


---------------  S Y S T E M  ---------------

OS:ManjaroLinux 0.8.9 (Ascella)
uname:Linux 3.10.32-2-MANJARO #1 SMP Sun Mar 2 22:14:17 EST 2014 x86_64
libc:glibc 2.19 NPTL 2.19 
rlimit: STACK 8192k, CORE 0k, NPROC 30872, NOFILE 4096, AS infinity
load average:0.72 0.43 0.46

/proc/meminfo:
MemTotal:        3957644 kB
MemFree:          126532 kB
Buffers:            7836 kB
Cached:           358748 kB
SwapCached:        66788 kB
Active:          2628932 kB
Inactive:         987428 kB
Active(anon):    2575012 kB
Inactive(anon):   937536 kB
Active(file):      53920 kB
Inactive(file):    49892 kB
Unevictable:           0 kB
Mlocked:               0 kB
SwapTotal:       1500156 kB
SwapFree:         113208 kB
Dirty:               140 kB
Writeback:             0 kB
AnonPages:       3185276 kB
Mapped:           181328 kB
Shmem:            262144 kB
Slab:              55324 kB
SReclaimable:      24156 kB
SUnreclaim:        31168 kB
KernelStack:        5880 kB
PageTables:        69616 kB
NFS_Unstable:          0 kB
Bounce:                0 kB
WritebackTmp:          0 kB
CommitLimit:     3478976 kB
Committed_AS:    9798340 kB
VmallocTotal:   34359738367 kB
VmallocUsed:      367692 kB
VmallocChunk:   34359345752 kB
HardwareCorrupted:     0 kB
AnonHugePages:    174080 kB
HugePages_Total:       0
HugePages_Free:        0
HugePages_Rsvd:        0
HugePages_Surp:        0
Hugepagesize:       2048 kB
DirectMap4k:       15828 kB
DirectMap2M:     4083712 kB


CPU:total 4 (2 cores per cpu, 2 threads per core) family 6 model 42 stepping 7, cmov, cx8, fxsr, mmx, sse, sse2, sse3, ssse3, sse4.1, sse4.2, popcnt, avx, aes, ht, tsc, tscinvbit

/proc/cpuinfo:
processor	: 0
vendor_id	: GenuineIntel
cpu family	: 6
model		: 42
model name	: Intel(R) Core(TM) i5-2520M CPU @ 2.50GHz
stepping	: 7
microcode	: 0x29
cpu MHz		: 2292.968
cache size	: 3072 KB
physical id	: 0
siblings	: 4
core id		: 0
cpu cores	: 2
apicid		: 0
initial apicid	: 0
fpu		: yes
fpu_exception	: yes
cpuid level	: 13
wp		: yes
flags		: fpu vme de pse tsc msr pae mce cx8 apic sep mtrr pge mca cmov pat pse36 clflush dts acpi mmx fxsr sse sse2 ss ht tm pbe syscall nx rdtscp lm constant_tsc arch_perfmon pebs bts rep_good nopl xtopology nonstop_tsc aperfmperf eagerfpu pni pclmulqdq dtes64 monitor ds_cpl vmx smx est tm2 ssse3 cx16 xtpr pdcm pcid sse4_1 sse4_2 x2apic popcnt tsc_deadline_timer aes xsave avx lahf_lm ida arat epb xsaveopt pln pts dtherm tpr_shadow vnmi flexpriority ept vpid
bogomips	: 4988.96
clflush size	: 64
cache_alignment	: 64
address sizes	: 36 bits physical, 48 bits virtual
power management:

processor	: 1
vendor_id	: GenuineIntel
cpu family	: 6
model		: 42
model name	: Intel(R) Core(TM) i5-2520M CPU @ 2.50GHz
stepping	: 7
microcode	: 0x29
cpu MHz		: 2819.238
cache size	: 3072 KB
physical id	: 0
siblings	: 4
core id		: 1
cpu cores	: 2
apicid		: 2
initial apicid	: 2
fpu		: yes
fpu_exception	: yes
cpuid level	: 13
wp		: yes
flags		: fpu vme de pse tsc msr pae mce cx8 apic sep mtrr pge mca cmov pat pse36 clflush dts acpi mmx fxsr sse sse2 ss ht tm pbe syscall nx rdtscp lm constant_tsc arch_perfmon pebs bts rep_good nopl xtopology nonstop_tsc aperfmperf eagerfpu pni pclmulqdq dtes64 monitor ds_cpl vmx smx est tm2 ssse3 cx16 xtpr pdcm pcid sse4_1 sse4_2 x2apic popcnt tsc_deadline_timer aes xsave avx lahf_lm ida arat epb xsaveopt pln pts dtherm tpr_shadow vnmi flexpriority ept vpid
bogomips	: 4988.96
clflush size	: 64
cache_alignment	: 64
address sizes	: 36 bits physical, 48 bits virtual
power management:

processor	: 2
vendor_id	: GenuineIntel
cpu family	: 6
model		: 42
model name	: Intel(R) Core(TM) i5-2520M CPU @ 2.50GHz
stepping	: 7
microcode	: 0x29
cpu MHz		: 2748.144
cache size	: 3072 KB
physical id	: 0
siblings	: 4
core id		: 0
cpu cores	: 2
apicid		: 1
initial apicid	: 1
fpu		: yes
fpu_exception	: yes
cpuid level	: 13
wp		: yes
flags		: fpu vme de pse tsc msr pae mce cx8 apic sep mtrr pge mca cmov pat pse36 clflush dts acpi mmx fxsr sse sse2 ss ht tm pbe syscall nx rdtscp lm constant_tsc arch_perfmon pebs bts rep_good nopl xtopology nonstop_tsc aperfmperf eagerfpu pni pclmulqdq dtes64 monitor ds_cpl vmx smx est tm2 ssse3 cx16 xtpr pdcm pcid sse4_1 sse4_2 x2apic popcnt tsc_deadline_timer aes xsave avx lahf_lm ida arat epb xsaveopt pln pts dtherm tpr_shadow vnmi flexpriority ept vpid
bogomips	: 4988.96
clflush size	: 64
cache_alignment	: 64
address sizes	: 36 bits physical, 48 bits virtual
power management:

processor	: 3
vendor_id	: GenuineIntel
cpu family	: 6
model		: 42
model name	: Intel(R) Core(TM) i5-2520M CPU @ 2.50GHz
stepping	: 7
microcode	: 0x29
cpu MHz		: 2791.503
cache size	: 3072 KB
physical id	: 0
siblings	: 4
core id		: 1
cpu cores	: 2
apicid		: 3
initial apicid	: 3
fpu		: yes
fpu_exception	: yes
cpuid level	: 13
wp		: yes
flags		: fpu vme de pse tsc msr pae mce cx8 apic sep mtrr pge mca cmov pat pse36 clflush dts acpi mmx fxsr sse sse2 ss ht tm pbe syscall nx rdtscp lm constant_tsc arch_perfmon pebs bts rep_good nopl xtopology nonstop_tsc aperfmperf eagerfpu pni pclmulqdq dtes64 monitor ds_cpl vmx smx est tm2 ssse3 cx16 xtpr pdcm pcid sse4_1 sse4_2 x2apic popcnt tsc_deadline_timer aes xsave avx lahf_lm ida arat epb xsaveopt pln pts dtherm tpr_shadow vnmi flexpriority ept vpid
bogomips	: 4988.96
clflush size	: 64
cache_alignment	: 64
address sizes	: 36 bits physical, 48 bits virtual
power management:



Memory: 4k page, physical 3957644k(127324k free), swap 1500156k(113208k free)

vm_info: OpenJDK 64-Bit Server VM (24.51-b03) for linux-amd64 JRE (1.7.0_51-b31), built on Jan 29 2014 14:05:34 by "nobody" with gcc 4.8.2 20131219 (prerelease)

time: Wed Mar 12 02:51:21 2014
elapsed time: 0 seconds

