#
# There is insufficient memory for the Java Runtime Environment to continue.
# Native memory allocation (malloc) failed to allocate 358088704 bytes for committing reserved memory.
# Possible reasons:
#   The system is out of physical RAM or swap space
#   In 32 bit mode, the process size limit was hit
# Possible solutions:
#   Reduce memory load on the system
#   Increase physical memory or swap space
#   Check if swap backing store is full
#   Use 64 bit Java on a 64 bit OS
#   Decrease Java heap size (-Xmx/-Xms)
#   Decrease number of Java threads
#   Decrease Java thread stack sizes (-Xss)
#   Set larger code cache with -XX:ReservedCodeCacheSize=
# This output file may be truncated or incomplete.
#
#  Out of Memory Error (os_linux.cpp:2769), pid=6663, tid=140181420910336
#
# JRE version:  (7.0_51-b31) (build )
# Java VM: OpenJDK 64-Bit Server VM (24.51-b03 mixed mode linux-amd64 compressed oops)
# Failed to write core dump. Core dumps have been disabled. To enable core dumping, try "ulimit -c unlimited" before starting Java again
#

---------------  T H R E A D  ---------------

Current thread (0x00007f7e80008800):  JavaThread "Unknown thread" [_thread_in_vm, id=6664, stack(0x00007f7e87bc2000,0x00007f7e87cc3000)]

Stack: [0x00007f7e87bc2000,0x00007f7e87cc3000],  sp=0x00007f7e87cc14c0,  free space=1021k
Native frames: (J=compiled Java code, j=interpreted, Vv=VM code, C=native code)
V  [libjvm.so+0x917f29]  JVM_handle_linux_signal+0x177939
V  [libjvm.so+0x467d44]  dlerror+0x467d44
V  [libjvm.so+0x79a9db]  JVM_FindSignal+0x18cf6b
V  [libjvm.so+0x79534f]  JVM_FindSignal+0x1878df
V  [libjvm.so+0x8056ab]  JVM_handle_linux_signal+0x650bb
V  [libjvm.so+0x80641b]  JVM_handle_linux_signal+0x65e2b
V  [libjvm.so+0x806af3]  JVM_handle_linux_signal+0x66503
V  [libjvm.so+0x284af5]  dlerror+0x284af5
V  [libjvm.so+0x7b8bfa]  JVM_handle_linux_signal+0x1860a
V  [libjvm.so+0x8ea057]  JVM_handle_linux_signal+0x149a67
V  [libjvm.so+0x8ea387]  JVM_handle_linux_signal+0x149d97
V  [libjvm.so+0x575b45]  AsyncGetCallTrace+0x90455
V  [libjvm.so+0x8cd1df]  JVM_handle_linux_signal+0x12cbef
V  [libjvm.so+0x5df324]  JNI_CreateJavaVM+0x54
C  [libjli.so+0x2998]  getenv+0x2998


---------------  P R O C E S S  ---------------

Java Threads: ( => current thread )

Other Threads:

=>0x00007f7e80008800 (exited) JavaThread "Unknown thread" [_thread_in_vm, id=6664, stack(0x00007f7e87bc2000,0x00007f7e87cc3000)]

VM state:not at safepoint (not fully initialized)

VM Mutex/Monitor currently owned by a thread: None

GC Heap History (0 events):
No events

Deoptimization events (0 events):
No events

Internal exceptions (0 events):
No events

Events (0 events):
No events


Dynamic libraries:
00400000-00401000 r-xp 00000000 08:03 3419033                            /usr/lib/jvm/java-7-openjdk/jre/bin/java
00600000-00601000 rw-p 00000000 08:03 3419033                            /usr/lib/jvm/java-7-openjdk/jre/bin/java
01710000-01731000 rw-p 00000000 00:00 0                                  [heap]
aff80000-eaa80000 rw-p 00000000 00:00 0 
7f7e78000000-7f7e78270000 rwxp 00000000 00:00 0 
7f7e78270000-7f7e80021000 rw-p 00000000 00:00 0 
7f7e80021000-7f7e84000000 ---p 00000000 00:00 0 
7f7e84a35000-7f7e84cb5000 rw-p 00000000 00:00 0 
7f7e84cb5000-7f7e84cc0000 rw-p 00000000 00:00 0 
7f7e84cc0000-7f7e84eb6000 rw-p 00000000 00:00 0 
7f7e84eb6000-7f7e84ebe000 r-xp 00000000 08:03 3419001                    /usr/lib/jvm/java-7-openjdk/jre/lib/amd64/libzip.so
7f7e84ebe000-7f7e850bd000 ---p 00008000 08:03 3419001                    /usr/lib/jvm/java-7-openjdk/jre/lib/amd64/libzip.so
7f7e850bd000-7f7e850be000 rw-p 00007000 08:03 3419001                    /usr/lib/jvm/java-7-openjdk/jre/lib/amd64/libzip.so
7f7e850be000-7f7e850c9000 r-xp 00000000 08:03 2627059                    /usr/lib/libnss_files-2.19.so
7f7e850c9000-7f7e852c8000 ---p 0000b000 08:03 2627059                    /usr/lib/libnss_files-2.19.so
7f7e852c8000-7f7e852c9000 r--p 0000a000 08:03 2627059                    /usr/lib/libnss_files-2.19.so
7f7e852c9000-7f7e852ca000 rw-p 0000b000 08:03 2627059                    /usr/lib/libnss_files-2.19.so
7f7e852ca000-7f7e852f5000 r-xp 00000000 08:03 3419000                    /usr/lib/jvm/java-7-openjdk/jre/lib/amd64/libjava.so
7f7e852f5000-7f7e854f4000 ---p 0002b000 08:03 3419000                    /usr/lib/jvm/java-7-openjdk/jre/lib/amd64/libjava.so
7f7e854f4000-7f7e854f6000 rw-p 0002a000 08:03 3419000                    /usr/lib/jvm/java-7-openjdk/jre/lib/amd64/libjava.so
7f7e854f6000-7f7e85503000 r-xp 00000000 08:03 3418999                    /usr/lib/jvm/java-7-openjdk/jre/lib/amd64/libverify.so
7f7e85503000-7f7e85702000 ---p 0000d000 08:03 3418999                    /usr/lib/jvm/java-7-openjdk/jre/lib/amd64/libverify.so
7f7e85702000-7f7e85704000 rw-p 0000c000 08:03 3418999                    /usr/lib/jvm/java-7-openjdk/jre/lib/amd64/libverify.so
7f7e85704000-7f7e8570b000 r-xp 00000000 08:03 2627087                    /usr/lib/librt-2.19.so
7f7e8570b000-7f7e8590a000 ---p 00007000 08:03 2627087                    /usr/lib/librt-2.19.so
7f7e8590a000-7f7e8590b000 r--p 00006000 08:03 2627087                    /usr/lib/librt-2.19.so
7f7e8590b000-7f7e8590c000 rw-p 00007000 08:03 2627087                    /usr/lib/librt-2.19.so
7f7e8590c000-7f7e85921000 r-xp 00000000 08:03 2626960                    /usr/lib/libgcc_s.so.1
7f7e85921000-7f7e85b21000 ---p 00015000 08:03 2626960                    /usr/lib/libgcc_s.so.1
7f7e85b21000-7f7e85b22000 rw-p 00015000 08:03 2626960                    /usr/lib/libgcc_s.so.1
7f7e85b22000-7f7e85c22000 r-xp 00000000 08:03 2626436                    /usr/lib/libm-2.19.so
7f7e85c22000-7f7e85e21000 ---p 00100000 08:03 2626436                    /usr/lib/libm-2.19.so
7f7e85e21000-7f7e85e22000 r--p 000ff000 08:03 2626436                    /usr/lib/libm-2.19.so
7f7e85e22000-7f7e85e23000 rw-p 00100000 08:03 2626436                    /usr/lib/libm-2.19.so
7f7e85e23000-7f7e85f09000 r-xp 00000000 08:03 2634179                    /usr/lib/libstdc++.so.6.0.19
7f7e85f09000-7f7e86108000 ---p 000e6000 08:03 2634179                    /usr/lib/libstdc++.so.6.0.19
7f7e86108000-7f7e86110000 r--p 000e5000 08:03 2634179                    /usr/lib/libstdc++.so.6.0.19
7f7e86110000-7f7e86112000 rw-p 000ed000 08:03 2634179                    /usr/lib/libstdc++.so.6.0.19
7f7e86112000-7f7e86127000 rw-p 00000000 00:00 0 
7f7e86127000-7f7e86c08000 r-xp 00000000 08:03 3419032                    /usr/lib/jvm/java-7-openjdk/jre/lib/amd64/server/libjvm.so
7f7e86c08000-7f7e86e07000 ---p 00ae1000 08:03 3419032                    /usr/lib/jvm/java-7-openjdk/jre/lib/amd64/server/libjvm.so
7f7e86e07000-7f7e86ebb000 rw-p 00ae0000 08:03 3419032                    /usr/lib/jvm/java-7-openjdk/jre/lib/amd64/server/libjvm.so
7f7e86ebb000-7f7e86ee9000 rw-p 00000000 00:00 0 
7f7e86ee9000-7f7e86efe000 r-xp 00000000 08:03 2625745                    /usr/lib/libz.so.1.2.8
7f7e86efe000-7f7e870fd000 ---p 00015000 08:03 2625745                    /usr/lib/libz.so.1.2.8
7f7e870fd000-7f7e870fe000 r--p 00014000 08:03 2625745                    /usr/lib/libz.so.1.2.8
7f7e870fe000-7f7e870ff000 rw-p 00015000 08:03 2625745                    /usr/lib/libz.so.1.2.8
7f7e870ff000-7f7e8729d000 r-xp 00000000 08:03 2627163                    /usr/lib/libc-2.19.so
7f7e8729d000-7f7e8749d000 ---p 0019e000 08:03 2627163                    /usr/lib/libc-2.19.so
7f7e8749d000-7f7e874a1000 r--p 0019e000 08:03 2627163                    /usr/lib/libc-2.19.so
7f7e874a1000-7f7e874a3000 rw-p 001a2000 08:03 2627163                    /usr/lib/libc-2.19.so
7f7e874a3000-7f7e874a7000 rw-p 00000000 00:00 0 
7f7e874a7000-7f7e874aa000 r-xp 00000000 08:03 2626455                    /usr/lib/libdl-2.19.so
7f7e874aa000-7f7e876a9000 ---p 00003000 08:03 2626455                    /usr/lib/libdl-2.19.so
7f7e876a9000-7f7e876aa000 r--p 00002000 08:03 2626455                    /usr/lib/libdl-2.19.so
7f7e876aa000-7f7e876ab000 rw-p 00003000 08:03 2626455                    /usr/lib/libdl-2.19.so
7f7e876ab000-7f7e876b8000 r-xp 00000000 08:03 3419028                    /usr/lib/jvm/java-7-openjdk/jre/lib/amd64/jli/libjli.so
7f7e876b8000-7f7e878b7000 ---p 0000d000 08:03 3419028                    /usr/lib/jvm/java-7-openjdk/jre/lib/amd64/jli/libjli.so
7f7e878b7000-7f7e878b8000 rw-p 0000c000 08:03 3419028                    /usr/lib/jvm/java-7-openjdk/jre/lib/amd64/jli/libjli.so
7f7e878b8000-7f7e878d0000 r-xp 00000000 08:03 2628509                    /usr/lib/libpthread-2.19.so
7f7e878d0000-7f7e87acf000 ---p 00018000 08:03 2628509                    /usr/lib/libpthread-2.19.so
7f7e87acf000-7f7e87ad0000 r--p 00017000 08:03 2628509                    /usr/lib/libpthread-2.19.so
7f7e87ad0000-7f7e87ad1000 rw-p 00018000 08:03 2628509                    /usr/lib/libpthread-2.19.so
7f7e87ad1000-7f7e87ad5000 rw-p 00000000 00:00 0 
7f7e87ad5000-7f7e87af5000 r-xp 00000000 08:03 2626898                    /usr/lib/ld-2.19.so
7f7e87bc2000-7f7e87bc5000 ---p 00000000 00:00 0 
7f7e87bc5000-7f7e87cc7000 rw-p 00000000 00:00 0                          [stack:6664]
7f7e87ce8000-7f7e87cea000 rw-p 00000000 00:00 0 
7f7e87cea000-7f7e87cf2000 rw-s 00000000 00:1d 145811                     /tmp/hsperfdata_gabriel/6663
7f7e87cf2000-7f7e87cf3000 rw-p 00000000 00:00 0 
7f7e87cf3000-7f7e87cf4000 r--p 00000000 00:00 0 
7f7e87cf4000-7f7e87cf5000 rw-p 00000000 00:00 0 
7f7e87cf5000-7f7e87cf6000 r--p 00020000 08:03 2626898                    /usr/lib/ld-2.19.so
7f7e87cf6000-7f7e87cf7000 rw-p 00021000 08:03 2626898                    /usr/lib/ld-2.19.so
7f7e87cf7000-7f7e87cf8000 rw-p 00000000 00:00 0 
7fff795c9000-7fff795ea000 rw-p 00000000 00:00 0                          [stack]
7fff795fe000-7fff79600000 r-xp 00000000 00:00 0                          [vdso]
ffffffffff600000-ffffffffff601000 r-xp 00000000 00:00 0                  [vsyscall]

VM Arguments:
jvm_args: -Xms1024m -Xmx1024m -XX:MaxPermSize=256m -XX:ReservedCodeCacheSize=128m 
java_command: /usr/share/java/sbt/bin/sbt-launch.jar update gen-idea
Launcher Type: SUN_STANDARD

Environment Variables:
JAVA_HOME=/usr/lib/jvm/java-7-openjdk
PATH=/usr/local/sbin:/usr/local/bin:/usr/bin:/usr/bin/vendor_perl:/usr/bin/core_perl
USERNAME=gabriel
SHELL=/bin/bash
DISPLAY=:0.0

Signal Handlers:
SIGSEGV: [libjvm.so+0x918a20], sa_mask[0]=0x7ffbfeff, sa_flags=0x10000004
SIGBUS: [libjvm.so+0x918a20], sa_mask[0]=0x7ffbfeff, sa_flags=0x10000004
SIGFPE: [libjvm.so+0x796090], sa_mask[0]=0x7ffbfeff, sa_flags=0x10000004
SIGPIPE: [libjvm.so+0x796090], sa_mask[0]=0x7ffbfeff, sa_flags=0x10000004
SIGXFSZ: [libjvm.so+0x796090], sa_mask[0]=0x7ffbfeff, sa_flags=0x10000004
SIGILL: [libjvm.so+0x796090], sa_mask[0]=0x7ffbfeff, sa_flags=0x10000004
SIGUSR1: SIG_DFL, sa_mask[0]=0x00000000, sa_flags=0x00000000
SIGUSR2: [libjvm.so+0x795f30], sa_mask[0]=0x00000000, sa_flags=0x10000004
SIGHUP: SIG_DFL, sa_mask[0]=0x00000000, sa_flags=0x00000000
SIGINT: SIG_DFL, sa_mask[0]=0x00000000, sa_flags=0x00000000
SIGTERM: SIG_DFL, sa_mask[0]=0x00000000, sa_flags=0x00000000
SIGQUIT: SIG_DFL, sa_mask[0]=0x00000000, sa_flags=0x00000000


---------------  S Y S T E M  ---------------

OS:ManjaroLinux 0.8.9 (Ascella)
uname:Linux 3.10.32-2-MANJARO #1 SMP Sun Mar 2 22:14:17 EST 2014 x86_64
libc:glibc 2.19 NPTL 2.19 
rlimit: STACK 8192k, CORE 0k, NPROC 30872, NOFILE 4096, AS infinity
load average:0.43 0.39 0.44

/proc/meminfo:
MemTotal:        3957644 kB
MemFree:          118700 kB
Buffers:            6500 kB
Cached:           362436 kB
SwapCached:        66152 kB
Active:          2638896 kB
Inactive:         987180 kB
Active(anon):    2580144 kB
Inactive(anon):   938768 kB
Active(file):      58752 kB
Inactive(file):    48412 kB
Unevictable:           0 kB
Mlocked:               0 kB
SwapTotal:       1500156 kB
SwapFree:         121132 kB
Dirty:               140 kB
Writeback:             0 kB
AnonPages:       3192064 kB
Mapped:           183064 kB
Shmem:            261984 kB
Slab:              55344 kB
SReclaimable:      24136 kB
SUnreclaim:        31208 kB
KernelStack:        5872 kB
PageTables:        69684 kB
NFS_Unstable:          0 kB
Bounce:                0 kB
WritebackTmp:          0 kB
CommitLimit:     3478976 kB
Committed_AS:    9796072 kB
VmallocTotal:   34359738367 kB
VmallocUsed:      367692 kB
VmallocChunk:   34359345752 kB
HardwareCorrupted:     0 kB
AnonHugePages:    174080 kB
HugePages_Total:       0
HugePages_Free:        0
HugePages_Rsvd:        0
HugePages_Surp:        0
Hugepagesize:       2048 kB
DirectMap4k:       15828 kB
DirectMap2M:     4083712 kB


CPU:total 4 (2 cores per cpu, 2 threads per core) family 6 model 42 stepping 7, cmov, cx8, fxsr, mmx, sse, sse2, sse3, ssse3, sse4.1, sse4.2, popcnt, avx, aes, ht, tsc, tscinvbit

/proc/cpuinfo:
processor	: 0
vendor_id	: GenuineIntel
cpu family	: 6
model		: 42
model name	: Intel(R) Core(TM) i5-2520M CPU @ 2.50GHz
stepping	: 7
microcode	: 0x29
cpu MHz		: 2406.835
cache size	: 3072 KB
physical id	: 0
siblings	: 4
core id		: 0
cpu cores	: 2
apicid		: 0
initial apicid	: 0
fpu		: yes
fpu_exception	: yes
cpuid level	: 13
wp		: yes
flags		: fpu vme de pse tsc msr pae mce cx8 apic sep mtrr pge mca cmov pat pse36 clflush dts acpi mmx fxsr sse sse2 ss ht tm pbe syscall nx rdtscp lm constant_tsc arch_perfmon pebs bts rep_good nopl xtopology nonstop_tsc aperfmperf eagerfpu pni pclmulqdq dtes64 monitor ds_cpl vmx smx est tm2 ssse3 cx16 xtpr pdcm pcid sse4_1 sse4_2 x2apic popcnt tsc_deadline_timer aes xsave avx lahf_lm ida arat epb xsaveopt pln pts dtherm tpr_shadow vnmi flexpriority ept vpid
bogomips	: 4988.96
clflush size	: 64
cache_alignment	: 64
address sizes	: 36 bits physical, 48 bits virtual
power management:

processor	: 1
vendor_id	: GenuineIntel
cpu family	: 6
model		: 42
model name	: Intel(R) Core(TM) i5-2520M CPU @ 2.50GHz
stepping	: 7
microcode	: 0x29
cpu MHz		: 2592.382
cache size	: 3072 KB
physical id	: 0
siblings	: 4
core id		: 1
cpu cores	: 2
apicid		: 2
initial apicid	: 2
fpu		: yes
fpu_exception	: yes
cpuid level	: 13
wp		: yes
flags		: fpu vme de pse tsc msr pae mce cx8 apic sep mtrr pge mca cmov pat pse36 clflush dts acpi mmx fxsr sse sse2 ss ht tm pbe syscall nx rdtscp lm constant_tsc arch_perfmon pebs bts rep_good nopl xtopology nonstop_tsc aperfmperf eagerfpu pni pclmulqdq dtes64 monitor ds_cpl vmx smx est tm2 ssse3 cx16 xtpr pdcm pcid sse4_1 sse4_2 x2apic popcnt tsc_deadline_timer aes xsave avx lahf_lm ida arat epb xsaveopt pln pts dtherm tpr_shadow vnmi flexpriority ept vpid
bogomips	: 4988.96
clflush size	: 64
cache_alignment	: 64
address sizes	: 36 bits physical, 48 bits virtual
power management:

processor	: 2
vendor_id	: GenuineIntel
cpu family	: 6
model		: 42
model name	: Intel(R) Core(TM) i5-2520M CPU @ 2.50GHz
stepping	: 7
microcode	: 0x29
cpu MHz		: 2599.511
cache size	: 3072 KB
physical id	: 0
siblings	: 4
core id		: 0
cpu cores	: 2
apicid		: 1
initial apicid	: 1
fpu		: yes
fpu_exception	: yes
cpuid level	: 13
wp		: yes
flags		: fpu vme de pse tsc msr pae mce cx8 apic sep mtrr pge mca cmov pat pse36 clflush dts acpi mmx fxsr sse sse2 ss ht tm pbe syscall nx rdtscp lm constant_tsc arch_perfmon pebs bts rep_good nopl xtopology nonstop_tsc aperfmperf eagerfpu pni pclmulqdq dtes64 monitor ds_cpl vmx smx est tm2 ssse3 cx16 xtpr pdcm pcid sse4_1 sse4_2 x2apic popcnt tsc_deadline_timer aes xsave avx lahf_lm ida arat epb xsaveopt pln pts dtherm tpr_shadow vnmi flexpriority ept vpid
bogomips	: 4988.96
clflush size	: 64
cache_alignment	: 64
address sizes	: 36 bits physical, 48 bits virtual
power management:

processor	: 3
vendor_id	: GenuineIntel
cpu family	: 6
model		: 42
model name	: Intel(R) Core(TM) i5-2520M CPU @ 2.50GHz
stepping	: 7
microcode	: 0x29
cpu MHz		: 2599.121
cache size	: 3072 KB
physical id	: 0
siblings	: 4
core id		: 1
cpu cores	: 2
apicid		: 3
initial apicid	: 3
fpu		: yes
fpu_exception	: yes
cpuid level	: 13
wp		: yes
flags		: fpu vme de pse tsc msr pae mce cx8 apic sep mtrr pge mca cmov pat pse36 clflush dts acpi mmx fxsr sse sse2 ss ht tm pbe syscall nx rdtscp lm constant_tsc arch_perfmon pebs bts rep_good nopl xtopology nonstop_tsc aperfmperf eagerfpu pni pclmulqdq dtes64 monitor ds_cpl vmx smx est tm2 ssse3 cx16 xtpr pdcm pcid sse4_1 sse4_2 x2apic popcnt tsc_deadline_timer aes xsave avx lahf_lm ida arat epb xsaveopt pln pts dtherm tpr_shadow vnmi flexpriority ept vpid
bogomips	: 4988.96
clflush size	: 64
cache_alignment	: 64
address sizes	: 36 bits physical, 48 bits virtual
power management:



Memory: 4k page, physical 3957644k(118700k free), swap 1500156k(121132k free)

vm_info: OpenJDK 64-Bit Server VM (24.51-b03) for linux-amd64 JRE (1.7.0_51-b31), built on Jan 29 2014 14:05:34 by "nobody" with gcc 4.8.2 20131219 (prerelease)

time: Wed Mar 12 02:52:02 2014
elapsed time: 0 seconds

