#
# There is insufficient memory for the Java Runtime Environment to continue.
# Native memory allocation (malloc) failed to allocate 358088704 bytes for committing reserved memory.
# Possible reasons:
#   The system is out of physical RAM or swap space
#   In 32 bit mode, the process size limit was hit
# Possible solutions:
#   Reduce memory load on the system
#   Increase physical memory or swap space
#   Check if swap backing store is full
#   Use 64 bit Java on a 64 bit OS
#   Decrease Java heap size (-Xmx/-Xms)
#   Decrease number of Java threads
#   Decrease Java thread stack sizes (-Xss)
#   Set larger code cache with -XX:ReservedCodeCacheSize=
# This output file may be truncated or incomplete.
#
#  Out of Memory Error (os_linux.cpp:2769), pid=6737, tid=139842982057728
#
# JRE version:  (7.0_51-b31) (build )
# Java VM: OpenJDK 64-Bit Server VM (24.51-b03 mixed mode linux-amd64 compressed oops)
# Failed to write core dump. Core dumps have been disabled. To enable core dumping, try "ulimit -c unlimited" before starting Java again
#

---------------  T H R E A D  ---------------

Current thread (0x00007f2fb4008800):  JavaThread "Unknown thread" [_thread_in_vm, id=6738, stack(0x00007f2fbb351000,0x00007f2fbb452000)]

Stack: [0x00007f2fbb351000,0x00007f2fbb452000],  sp=0x00007f2fbb4504c0,  free space=1021k
Native frames: (J=compiled Java code, j=interpreted, Vv=VM code, C=native code)
V  [libjvm.so+0x917f29]  JVM_handle_linux_signal+0x177939
V  [libjvm.so+0x467d44]  dlerror+0x467d44
V  [libjvm.so+0x79a9db]  JVM_FindSignal+0x18cf6b
V  [libjvm.so+0x79534f]  JVM_FindSignal+0x1878df
V  [libjvm.so+0x8056ab]  JVM_handle_linux_signal+0x650bb
V  [libjvm.so+0x80641b]  JVM_handle_linux_signal+0x65e2b
V  [libjvm.so+0x806af3]  JVM_handle_linux_signal+0x66503
V  [libjvm.so+0x284af5]  dlerror+0x284af5
V  [libjvm.so+0x7b8bfa]  JVM_handle_linux_signal+0x1860a
V  [libjvm.so+0x8ea057]  JVM_handle_linux_signal+0x149a67
V  [libjvm.so+0x8ea387]  JVM_handle_linux_signal+0x149d97
V  [libjvm.so+0x575b45]  AsyncGetCallTrace+0x90455
V  [libjvm.so+0x8cd1df]  JVM_handle_linux_signal+0x12cbef
V  [libjvm.so+0x5df324]  JNI_CreateJavaVM+0x54
C  [libjli.so+0x2998]  getenv+0x2998


---------------  P R O C E S S  ---------------

Java Threads: ( => current thread )

Other Threads:

=>0x00007f2fb4008800 (exited) JavaThread "Unknown thread" [_thread_in_vm, id=6738, stack(0x00007f2fbb351000,0x00007f2fbb452000)]

VM state:not at safepoint (not fully initialized)

VM Mutex/Monitor currently owned by a thread: None

GC Heap History (0 events):
No events

Deoptimization events (0 events):
No events

Internal exceptions (0 events):
No events

Events (0 events):
No events


Dynamic libraries:
00400000-00401000 r-xp 00000000 08:03 3419033                            /usr/lib/jvm/java-7-openjdk/jre/bin/java
00600000-00601000 rw-p 00000000 08:03 3419033                            /usr/lib/jvm/java-7-openjdk/jre/bin/java
01386000-013a7000 rw-p 00000000 00:00 0                                  [heap]
aff80000-eaa80000 rw-p 00000000 00:00 0 
7f2fac000000-7f2fac270000 rwxp 00000000 00:00 0 
7f2fac270000-7f2fb4021000 rw-p 00000000 00:00 0 
7f2fb4021000-7f2fb8000000 ---p 00000000 00:00 0 
7f2fb81c4000-7f2fb8444000 rw-p 00000000 00:00 0 
7f2fb8444000-7f2fb844f000 rw-p 00000000 00:00 0 
7f2fb844f000-7f2fb8645000 rw-p 00000000 00:00 0 
7f2fb8645000-7f2fb864d000 r-xp 00000000 08:03 3419001                    /usr/lib/jvm/java-7-openjdk/jre/lib/amd64/libzip.so
7f2fb864d000-7f2fb884c000 ---p 00008000 08:03 3419001                    /usr/lib/jvm/java-7-openjdk/jre/lib/amd64/libzip.so
7f2fb884c000-7f2fb884d000 rw-p 00007000 08:03 3419001                    /usr/lib/jvm/java-7-openjdk/jre/lib/amd64/libzip.so
7f2fb884d000-7f2fb8858000 r-xp 00000000 08:03 2627059                    /usr/lib/libnss_files-2.19.so
7f2fb8858000-7f2fb8a57000 ---p 0000b000 08:03 2627059                    /usr/lib/libnss_files-2.19.so
7f2fb8a57000-7f2fb8a58000 r--p 0000a000 08:03 2627059                    /usr/lib/libnss_files-2.19.so
7f2fb8a58000-7f2fb8a59000 rw-p 0000b000 08:03 2627059                    /usr/lib/libnss_files-2.19.so
7f2fb8a59000-7f2fb8a84000 r-xp 00000000 08:03 3419000                    /usr/lib/jvm/java-7-openjdk/jre/lib/amd64/libjava.so
7f2fb8a84000-7f2fb8c83000 ---p 0002b000 08:03 3419000                    /usr/lib/jvm/java-7-openjdk/jre/lib/amd64/libjava.so
7f2fb8c83000-7f2fb8c85000 rw-p 0002a000 08:03 3419000                    /usr/lib/jvm/java-7-openjdk/jre/lib/amd64/libjava.so
7f2fb8c85000-7f2fb8c92000 r-xp 00000000 08:03 3418999                    /usr/lib/jvm/java-7-openjdk/jre/lib/amd64/libverify.so
7f2fb8c92000-7f2fb8e91000 ---p 0000d000 08:03 3418999                    /usr/lib/jvm/java-7-openjdk/jre/lib/amd64/libverify.so
7f2fb8e91000-7f2fb8e93000 rw-p 0000c000 08:03 3418999                    /usr/lib/jvm/java-7-openjdk/jre/lib/amd64/libverify.so
7f2fb8e93000-7f2fb8e9a000 r-xp 00000000 08:03 2627087                    /usr/lib/librt-2.19.so
7f2fb8e9a000-7f2fb9099000 ---p 00007000 08:03 2627087                    /usr/lib/librt-2.19.so
7f2fb9099000-7f2fb909a000 r--p 00006000 08:03 2627087                    /usr/lib/librt-2.19.so
7f2fb909a000-7f2fb909b000 rw-p 00007000 08:03 2627087                    /usr/lib/librt-2.19.so
7f2fb909b000-7f2fb90b0000 r-xp 00000000 08:03 2626960                    /usr/lib/libgcc_s.so.1
7f2fb90b0000-7f2fb92b0000 ---p 00015000 08:03 2626960                    /usr/lib/libgcc_s.so.1
7f2fb92b0000-7f2fb92b1000 rw-p 00015000 08:03 2626960                    /usr/lib/libgcc_s.so.1
7f2fb92b1000-7f2fb93b1000 r-xp 00000000 08:03 2626436                    /usr/lib/libm-2.19.so
7f2fb93b1000-7f2fb95b0000 ---p 00100000 08:03 2626436                    /usr/lib/libm-2.19.so
7f2fb95b0000-7f2fb95b1000 r--p 000ff000 08:03 2626436                    /usr/lib/libm-2.19.so
7f2fb95b1000-7f2fb95b2000 rw-p 00100000 08:03 2626436                    /usr/lib/libm-2.19.so
7f2fb95b2000-7f2fb9698000 r-xp 00000000 08:03 2634179                    /usr/lib/libstdc++.so.6.0.19
7f2fb9698000-7f2fb9897000 ---p 000e6000 08:03 2634179                    /usr/lib/libstdc++.so.6.0.19
7f2fb9897000-7f2fb989f000 r--p 000e5000 08:03 2634179                    /usr/lib/libstdc++.so.6.0.19
7f2fb989f000-7f2fb98a1000 rw-p 000ed000 08:03 2634179                    /usr/lib/libstdc++.so.6.0.19
7f2fb98a1000-7f2fb98b6000 rw-p 00000000 00:00 0 
7f2fb98b6000-7f2fba397000 r-xp 00000000 08:03 3419032                    /usr/lib/jvm/java-7-openjdk/jre/lib/amd64/server/libjvm.so
7f2fba397000-7f2fba596000 ---p 00ae1000 08:03 3419032                    /usr/lib/jvm/java-7-openjdk/jre/lib/amd64/server/libjvm.so
7f2fba596000-7f2fba64a000 rw-p 00ae0000 08:03 3419032                    /usr/lib/jvm/java-7-openjdk/jre/lib/amd64/server/libjvm.so
7f2fba64a000-7f2fba678000 rw-p 00000000 00:00 0 
7f2fba678000-7f2fba68d000 r-xp 00000000 08:03 2625745                    /usr/lib/libz.so.1.2.8
7f2fba68d000-7f2fba88c000 ---p 00015000 08:03 2625745                    /usr/lib/libz.so.1.2.8
7f2fba88c000-7f2fba88d000 r--p 00014000 08:03 2625745                    /usr/lib/libz.so.1.2.8
7f2fba88d000-7f2fba88e000 rw-p 00015000 08:03 2625745                    /usr/lib/libz.so.1.2.8
7f2fba88e000-7f2fbaa2c000 r-xp 00000000 08:03 2627163                    /usr/lib/libc-2.19.so
7f2fbaa2c000-7f2fbac2c000 ---p 0019e000 08:03 2627163                    /usr/lib/libc-2.19.so
7f2fbac2c000-7f2fbac30000 r--p 0019e000 08:03 2627163                    /usr/lib/libc-2.19.so
7f2fbac30000-7f2fbac32000 rw-p 001a2000 08:03 2627163                    /usr/lib/libc-2.19.so
7f2fbac32000-7f2fbac36000 rw-p 00000000 00:00 0 
7f2fbac36000-7f2fbac39000 r-xp 00000000 08:03 2626455                    /usr/lib/libdl-2.19.so
7f2fbac39000-7f2fbae38000 ---p 00003000 08:03 2626455                    /usr/lib/libdl-2.19.so
7f2fbae38000-7f2fbae39000 r--p 00002000 08:03 2626455                    /usr/lib/libdl-2.19.so
7f2fbae39000-7f2fbae3a000 rw-p 00003000 08:03 2626455                    /usr/lib/libdl-2.19.so
7f2fbae3a000-7f2fbae47000 r-xp 00000000 08:03 3419028                    /usr/lib/jvm/java-7-openjdk/jre/lib/amd64/jli/libjli.so
7f2fbae47000-7f2fbb046000 ---p 0000d000 08:03 3419028                    /usr/lib/jvm/java-7-openjdk/jre/lib/amd64/jli/libjli.so
7f2fbb046000-7f2fbb047000 rw-p 0000c000 08:03 3419028                    /usr/lib/jvm/java-7-openjdk/jre/lib/amd64/jli/libjli.so
7f2fbb047000-7f2fbb05f000 r-xp 00000000 08:03 2628509                    /usr/lib/libpthread-2.19.so
7f2fbb05f000-7f2fbb25e000 ---p 00018000 08:03 2628509                    /usr/lib/libpthread-2.19.so
7f2fbb25e000-7f2fbb25f000 r--p 00017000 08:03 2628509                    /usr/lib/libpthread-2.19.so
7f2fbb25f000-7f2fbb260000 rw-p 00018000 08:03 2628509                    /usr/lib/libpthread-2.19.so
7f2fbb260000-7f2fbb264000 rw-p 00000000 00:00 0 
7f2fbb264000-7f2fbb284000 r-xp 00000000 08:03 2626898                    /usr/lib/ld-2.19.so
7f2fbb351000-7f2fbb354000 ---p 00000000 00:00 0 
7f2fbb354000-7f2fbb456000 rw-p 00000000 00:00 0                          [stack:6738]
7f2fbb477000-7f2fbb479000 rw-p 00000000 00:00 0 
7f2fbb479000-7f2fbb481000 rw-s 00000000 00:1d 148825                     /tmp/hsperfdata_gabriel/6737
7f2fbb481000-7f2fbb482000 rw-p 00000000 00:00 0 
7f2fbb482000-7f2fbb483000 r--p 00000000 00:00 0 
7f2fbb483000-7f2fbb484000 rw-p 00000000 00:00 0 
7f2fbb484000-7f2fbb485000 r--p 00020000 08:03 2626898                    /usr/lib/ld-2.19.so
7f2fbb485000-7f2fbb486000 rw-p 00021000 08:03 2626898                    /usr/lib/ld-2.19.so
7f2fbb486000-7f2fbb487000 rw-p 00000000 00:00 0 
7fff9443d000-7fff9445e000 rw-p 00000000 00:00 0                          [stack]
7fff94550000-7fff94552000 r-xp 00000000 00:00 0                          [vdso]
ffffffffff600000-ffffffffff601000 r-xp 00000000 00:00 0                  [vsyscall]

VM Arguments:
jvm_args: -Xms1024m -Xmx1024m -XX:MaxPermSize=256m -XX:ReservedCodeCacheSize=128m 
java_command: /usr/share/java/sbt/bin/sbt-launch.jar update gen-idea
Launcher Type: SUN_STANDARD

Environment Variables:
JAVA_HOME=/usr/lib/jvm/java-7-openjdk
PATH=/usr/local/sbin:/usr/local/bin:/usr/bin:/usr/bin/vendor_perl:/usr/bin/core_perl
USERNAME=gabriel
SHELL=/bin/bash
DISPLAY=:0.0

Signal Handlers:
SIGSEGV: [libjvm.so+0x918a20], sa_mask[0]=0x7ffbfeff, sa_flags=0x10000004
SIGBUS: [libjvm.so+0x918a20], sa_mask[0]=0x7ffbfeff, sa_flags=0x10000004
SIGFPE: [libjvm.so+0x796090], sa_mask[0]=0x7ffbfeff, sa_flags=0x10000004
SIGPIPE: [libjvm.so+0x796090], sa_mask[0]=0x7ffbfeff, sa_flags=0x10000004
SIGXFSZ: [libjvm.so+0x796090], sa_mask[0]=0x7ffbfeff, sa_flags=0x10000004
SIGILL: [libjvm.so+0x796090], sa_mask[0]=0x7ffbfeff, sa_flags=0x10000004
SIGUSR1: SIG_DFL, sa_mask[0]=0x00000000, sa_flags=0x00000000
SIGUSR2: [libjvm.so+0x795f30], sa_mask[0]=0x00000000, sa_flags=0x10000004
SIGHUP: SIG_DFL, sa_mask[0]=0x00000000, sa_flags=0x00000000
SIGINT: SIG_DFL, sa_mask[0]=0x00000000, sa_flags=0x00000000
SIGTERM: SIG_DFL, sa_mask[0]=0x00000000, sa_flags=0x00000000
SIGQUIT: SIG_DFL, sa_mask[0]=0x00000000, sa_flags=0x00000000


---------------  S Y S T E M  ---------------

OS:ManjaroLinux 0.8.9 (Ascella)
uname:Linux 3.10.32-2-MANJARO #1 SMP Sun Mar 2 22:14:17 EST 2014 x86_64
libc:glibc 2.19 NPTL 2.19 
rlimit: STACK 8192k, CORE 0k, NPROC 30872, NOFILE 4096, AS infinity
load average:0.39 0.39 0.44

/proc/meminfo:
MemTotal:        3957644 kB
MemFree:          119376 kB
Buffers:            6296 kB
Cached:           362016 kB
SwapCached:        64988 kB
Active:          2639672 kB
Inactive:         984500 kB
Active(anon):    2580768 kB
Inactive(anon):   936960 kB
Active(file):      58904 kB
Inactive(file):    47540 kB
Unevictable:           0 kB
Mlocked:               0 kB
SwapTotal:       1500156 kB
SwapFree:         121380 kB
Dirty:               196 kB
Writeback:             0 kB
AnonPages:       3192576 kB
Mapped:           183200 kB
Shmem:            261948 kB
Slab:              55396 kB
SReclaimable:      24132 kB
SUnreclaim:        31264 kB
KernelStack:        5872 kB
PageTables:        69612 kB
NFS_Unstable:          0 kB
Bounce:                0 kB
WritebackTmp:          0 kB
CommitLimit:     3478976 kB
Committed_AS:    9796164 kB
VmallocTotal:   34359738367 kB
VmallocUsed:      367692 kB
VmallocChunk:   34359345752 kB
HardwareCorrupted:     0 kB
AnonHugePages:    174080 kB
HugePages_Total:       0
HugePages_Free:        0
HugePages_Rsvd:        0
HugePages_Surp:        0
Hugepagesize:       2048 kB
DirectMap4k:       15828 kB
DirectMap2M:     4083712 kB


CPU:total 4 (2 cores per cpu, 2 threads per core) family 6 model 42 stepping 7, cmov, cx8, fxsr, mmx, sse, sse2, sse3, ssse3, sse4.1, sse4.2, popcnt, avx, aes, ht, tsc, tscinvbit

/proc/cpuinfo:
processor	: 0
vendor_id	: GenuineIntel
cpu family	: 6
model		: 42
model name	: Intel(R) Core(TM) i5-2520M CPU @ 2.50GHz
stepping	: 7
microcode	: 0x29
cpu MHz		: 2599.609
cache size	: 3072 KB
physical id	: 0
siblings	: 4
core id		: 0
cpu cores	: 2
apicid		: 0
initial apicid	: 0
fpu		: yes
fpu_exception	: yes
cpuid level	: 13
wp		: yes
flags		: fpu vme de pse tsc msr pae mce cx8 apic sep mtrr pge mca cmov pat pse36 clflush dts acpi mmx fxsr sse sse2 ss ht tm pbe syscall nx rdtscp lm constant_tsc arch_perfmon pebs bts rep_good nopl xtopology nonstop_tsc aperfmperf eagerfpu pni pclmulqdq dtes64 monitor ds_cpl vmx smx est tm2 ssse3 cx16 xtpr pdcm pcid sse4_1 sse4_2 x2apic popcnt tsc_deadline_timer aes xsave avx lahf_lm ida arat epb xsaveopt pln pts dtherm tpr_shadow vnmi flexpriority ept vpid
bogomips	: 4988.96
clflush size	: 64
cache_alignment	: 64
address sizes	: 36 bits physical, 48 bits virtual
power management:

processor	: 1
vendor_id	: GenuineIntel
cpu family	: 6
model		: 42
model name	: Intel(R) Core(TM) i5-2520M CPU @ 2.50GHz
stepping	: 7
microcode	: 0x29
cpu MHz		: 2599.316
cache size	: 3072 KB
physical id	: 0
siblings	: 4
core id		: 1
cpu cores	: 2
apicid		: 2
initial apicid	: 2
fpu		: yes
fpu_exception	: yes
cpuid level	: 13
wp		: yes
flags		: fpu vme de pse tsc msr pae mce cx8 apic sep mtrr pge mca cmov pat pse36 clflush dts acpi mmx fxsr sse sse2 ss ht tm pbe syscall nx rdtscp lm constant_tsc arch_perfmon pebs bts rep_good nopl xtopology nonstop_tsc aperfmperf eagerfpu pni pclmulqdq dtes64 monitor ds_cpl vmx smx est tm2 ssse3 cx16 xtpr pdcm pcid sse4_1 sse4_2 x2apic popcnt tsc_deadline_timer aes xsave avx lahf_lm ida arat epb xsaveopt pln pts dtherm tpr_shadow vnmi flexpriority ept vpid
bogomips	: 4988.96
clflush size	: 64
cache_alignment	: 64
address sizes	: 36 bits physical, 48 bits virtual
power management:

processor	: 2
vendor_id	: GenuineIntel
cpu family	: 6
model		: 42
model name	: Intel(R) Core(TM) i5-2520M CPU @ 2.50GHz
stepping	: 7
microcode	: 0x29
cpu MHz		: 2597.851
cache size	: 3072 KB
physical id	: 0
siblings	: 4
core id		: 0
cpu cores	: 2
apicid		: 1
initial apicid	: 1
fpu		: yes
fpu_exception	: yes
cpuid level	: 13
wp		: yes
flags		: fpu vme de pse tsc msr pae mce cx8 apic sep mtrr pge mca cmov pat pse36 clflush dts acpi mmx fxsr sse sse2 ss ht tm pbe syscall nx rdtscp lm constant_tsc arch_perfmon pebs bts rep_good nopl xtopology nonstop_tsc aperfmperf eagerfpu pni pclmulqdq dtes64 monitor ds_cpl vmx smx est tm2 ssse3 cx16 xtpr pdcm pcid sse4_1 sse4_2 x2apic popcnt tsc_deadline_timer aes xsave avx lahf_lm ida arat epb xsaveopt pln pts dtherm tpr_shadow vnmi flexpriority ept vpid
bogomips	: 4988.96
clflush size	: 64
cache_alignment	: 64
address sizes	: 36 bits physical, 48 bits virtual
power management:

processor	: 3
vendor_id	: GenuineIntel
cpu family	: 6
model		: 42
model name	: Intel(R) Core(TM) i5-2520M CPU @ 2.50GHz
stepping	: 7
microcode	: 0x29
cpu MHz		: 2599.707
cache size	: 3072 KB
physical id	: 0
siblings	: 4
core id		: 1
cpu cores	: 2
apicid		: 3
initial apicid	: 3
fpu		: yes
fpu_exception	: yes
cpuid level	: 13
wp		: yes
flags		: fpu vme de pse tsc msr pae mce cx8 apic sep mtrr pge mca cmov pat pse36 clflush dts acpi mmx fxsr sse sse2 ss ht tm pbe syscall nx rdtscp lm constant_tsc arch_perfmon pebs bts rep_good nopl xtopology nonstop_tsc aperfmperf eagerfpu pni pclmulqdq dtes64 monitor ds_cpl vmx smx est tm2 ssse3 cx16 xtpr pdcm pcid sse4_1 sse4_2 x2apic popcnt tsc_deadline_timer aes xsave avx lahf_lm ida arat epb xsaveopt pln pts dtherm tpr_shadow vnmi flexpriority ept vpid
bogomips	: 4988.96
clflush size	: 64
cache_alignment	: 64
address sizes	: 36 bits physical, 48 bits virtual
power management:



Memory: 4k page, physical 3957644k(119376k free), swap 1500156k(121380k free)

vm_info: OpenJDK 64-Bit Server VM (24.51-b03) for linux-amd64 JRE (1.7.0_51-b31), built on Jan 29 2014 14:05:34 by "nobody" with gcc 4.8.2 20131219 (prerelease)

time: Wed Mar 12 02:52:07 2014
elapsed time: 0 seconds

